checking for a BSD-compatible install... /usr/bin/install -c
checking whether build environment is sane... yes
checking for a thread-safe mkdir -p... /usr/bin/mkdir -p
checking for gawk... gawk
checking whether make sets $(MAKE)... yes
checking whether make supports nested variables... yes
checking whether to enable maintainer-specific portions of Makefiles... no
checking whether make supports nested variables... (cached) yes
checking for style of include used by make... GNU
checking for gcc... gcc
checking whether the C compiler works... yes
checking for C compiler default output file name... a.out
checking for suffix of executables... 
checking whether we are cross compiling... no
checking for suffix of object files... o
checking whether we are using the GNU C compiler... yes
checking whether gcc accepts -g... yes
checking for gcc option to accept ISO C89... none needed
checking dependency style of gcc... gcc3
checking for library containing strerror... none required
checking for gcc... (cached) gcc
checking whether we are using the GNU C compiler... (cached) yes
checking whether gcc accepts -g... (cached) yes
checking for gcc option to accept ISO C89... (cached) none needed
checking dependency style of gcc... (cached) gcc3
checking how to run the C preprocessor... gcc -E
checking for grep that handles long lines and -e... /usr/bin/grep
checking for egrep... /usr/bin/grep -E
checking for ANSI C header files... yes
checking build system type... x86_64-unknown-linux-gnu
checking host system type... x86_64-unknown-linux-gnu
checking how to print strings... printf
checking for a sed that does not truncate output... /usr/bin/sed
checking for fgrep... /usr/bin/grep -F
checking for ld used by gcc... /usr/bin/ld
checking if the linker (/usr/bin/ld) is GNU ld... yes
checking for BSD- or MS-compatible name lister (nm)... /usr/bin/nm -B
checking the name lister (/usr/bin/nm -B) interface... BSD nm
checking whether ln -s works... yes
checking the maximum length of command line arguments... 1572864
checking whether the shell understands some XSI constructs... yes
checking whether the shell understands "+="... yes
checking how to convert x86_64-unknown-linux-gnu file names to x86_64-unknown-linux-gnu format... func_convert_file_noop
checking how to convert x86_64-unknown-linux-gnu file names to toolchain format... func_convert_file_noop
checking for /usr/bin/ld option to reload object files... -r
checking for objdump... objdump
checking how to recognize dependent libraries... pass_all
checking for dlltool... no
checking how to associate runtime and link libraries... printf %s\n
checking for ar... ar
checking for archiver @FILE support... @
checking for strip... strip
checking for ranlib... ranlib
checking command to parse /usr/bin/nm -B output from gcc object... ok
checking for sysroot... no
checking for mt... no
checking if : is a manifest tool... no
checking for sys/types.h... yes
checking for sys/stat.h... yes
checking for stdlib.h... yes
checking for string.h... yes
checking for memory.h... yes
checking for strings.h... yes
checking for inttypes.h... yes
checking for stdint.h... yes
checking for unistd.h... yes
checking for dlfcn.h... yes
checking for objdir... .libs
checking if gcc supports -fno-rtti -fno-exceptions... no
checking for gcc option to produce PIC... -fPIC -DPIC
checking if gcc PIC flag -fPIC -DPIC works... yes
checking if gcc static flag -static works... yes
checking if gcc supports -c -o file.o... yes
checking if gcc supports -c -o file.o... (cached) yes
checking whether the gcc linker (/usr/bin/ld -m elf_x86_64) supports shared libraries... yes
checking whether -lc should be explicitly linked in... no
checking dynamic linker characteristics... GNU/Linux ld.so
checking how to hardcode library paths into programs... immediate
checking whether stripping libraries is possible... yes
checking if libtool supports shared libraries... yes
checking whether to build shared libraries... yes
checking whether to build static libraries... no
checking whether make sets $(MAKE)... (cached) yes
checking whether ln -s works... yes
checking for special C compiler options needed for large files... no
checking for _FILE_OFFSET_BITS value needed for large files... no
checking whether gcc and cc understand -c and -o together... yes
checking for xsltproc... /usr/bin/xsltproc
checking for pkg-config... /usr/bin/pkg-config
checking pkg-config is at least version 0.9.0... yes
checking for gtkdoc-check... /usr/bin/gtkdoc-check
checking for gtkdoc-rebase... /usr/bin/gtkdoc-rebase
checking for gtkdoc-mkpdf... /usr/bin/gtkdoc-mkpdf
checking for GTKDOC_DEPS... yes
checking whether to build gtk-doc documentation... yes
checking for GLIB... yes
checking for LIBJS... yes
checking expat.h usability... yes
checking expat.h presence... yes
checking for expat.h... yes
checking for XML_ParserCreate in -lexpat... yes
checking for clearenv... yes
checking for pam_start in -lpam... yes
checking for sigtimedwait in -lc... yes
checking how to call pam_strerror... two arguments
checking security/pam_modutil.h usability... yes
checking security/pam_modutil.h presence... yes
checking for security/pam_modutil.h... yes
checking security/pam_ext.h usability... yes
checking security/pam_ext.h presence... yes
checking for security/pam_ext.h... yes
checking for pam_vsyslog in -lpam... yes
checking for /etc/redhat-release... no
checking for /etc/SuSE-release... no
checking for /etc/gentoo-release... no
checking for /etc/pardus-release... no
Linux distribution autodetection failed, specify the distribution to target using --with-os-type=
checking for gobject-introspection... yes
checking whether NLS is requested... yes
checking for intltool >= 0.40.0... 0.50.2 found
checking for intltool-update... /usr/bin/intltool-update
checking for intltool-merge... /usr/bin/intltool-merge
checking for intltool-extract... /usr/bin/intltool-extract
checking for xgettext... /usr/bin/xgettext
checking for msgmerge... /usr/bin/msgmerge
checking for msgfmt... /usr/bin/msgfmt
checking for gmsgfmt... /usr/bin/msgfmt
checking for perl... /usr/bin/perl
checking for perl >= 5.8.1... 5.18.2
checking for XML::Parser... ok
checking locale.h usability... yes
checking locale.h presence... yes
checking for locale.h... yes
checking for LC_MESSAGES... yes
checking libintl.h usability... yes
checking libintl.h presence... yes
checking for libintl.h... yes
checking for ngettext in libc... yes
checking for dgettext in libc... yes
checking for bind_textdomain_codeset... yes
checking for msgfmt... (cached) /usr/bin/msgfmt
checking for dcgettext... yes
checking if msgfmt accepts -c... yes
checking for gmsgfmt... (cached) /usr/bin/msgfmt
checking for xgettext... (cached) /usr/bin/xgettext
checking that generated files are newer than configure... done
configure: creating ./config.status
config.status: creating Makefile
config.status: creating actions/Makefile
config.status: creating data/Makefile
config.status: creating data/polkit-1
config.status: creating data/polkit-gobject-1.pc
config.status: creating data/polkit-agent-1.pc
config.status: creating src/Makefile
config.status: creating src/polkit/Makefile
config.status: creating src/polkitbackend/Makefile
config.status: creating src/polkitagent/Makefile
config.status: creating src/programs/Makefile
config.status: creating src/examples/Makefile
config.status: creating docs/version.xml
config.status: creating docs/extensiondir.xml
config.status: creating docs/Makefile
config.status: creating docs/polkit/Makefile
config.status: creating docs/man/Makefile
config.status: creating po/Makefile.in
config.status: creating test/Makefile
config.status: creating test/polkit/Makefile
config.status: creating test/polkitbackend/Makefile
config.status: creating config.h
config.status: executing depfiles commands
config.status: executing libtool commands
config.status: executing default-1 commands
config.status: executing po/stamp-it commands
=== configuring in test/mocklibc (/build/polkit-consolekit/src/polkit-0.112/test/mocklibc)
configure: running /bin/sh ./configure --disable-option-checking '--prefix=/usr'  '--sysconfdir=/etc' '--localstatedir=/var' '--libexecdir=/usr/lib/polkit-1' '--with-systemdsystemunitdir=/usr/lib/systemd/system' '--enable-libsystemd-login=no' '--disable-static' '--enable-gtk-doc' 'CFLAGS=-march=x86-64 -mtune=generic -O2 -pipe -fstack-protector-strong --param=ssp-buffer-size=4' 'LDFLAGS=-Wl,-O1,--sort-common,--as-needed,-z,relro' 'CPPFLAGS=-D_FORTIFY_SOURCE=2' --cache-file=/dev/null --srcdir=.
checking for a BSD-compatible install... /usr/bin/install -c
checking whether build environment is sane... yes
/build/polkit-consolekit/src/polkit-0.112/test/mocklibc/missing: Unknown '--is-lightweight' option
Try '/build/polkit-consolekit/src/polkit-0.112/test/mocklibc/missing --help' for more information
configure: WARNING: 'missing' script is too old or missing
checking for a thread-safe mkdir -p... /usr/bin/mkdir -p
checking for gawk... gawk
checking whether make sets $(MAKE)... yes
checking whether make supports nested variables... yes
checking for gcc... gcc
checking whether the C compiler works... yes
checking for C compiler default output file name... a.out
checking for suffix of executables... 
checking whether we are cross compiling... no
checking for suffix of object files... o
checking whether we are using the GNU C compiler... yes
checking whether gcc accepts -g... yes
checking for gcc option to accept ISO C89... none needed
checking for style of include used by make... GNU
checking dependency style of gcc... gcc3
checking build system type... x86_64-unknown-linux-gnu
checking host system type... x86_64-unknown-linux-gnu
checking how to print strings... printf
checking for a sed that does not truncate output... /usr/bin/sed
checking for grep that handles long lines and -e... /usr/bin/grep
checking for egrep... /usr/bin/grep -E
checking for fgrep... /usr/bin/grep -F
checking for ld used by gcc... /usr/bin/ld
checking if the linker (/usr/bin/ld) is GNU ld... yes
checking for BSD- or MS-compatible name lister (nm)... /usr/bin/nm -B
checking the name lister (/usr/bin/nm -B) interface... BSD nm
checking whether ln -s works... yes
checking the maximum length of command line arguments... 1572864
checking whether the shell understands some XSI constructs... yes
checking whether the shell understands "+="... yes
checking how to convert x86_64-unknown-linux-gnu file names to x86_64-unknown-linux-gnu format... func_convert_file_noop
checking how to convert x86_64-unknown-linux-gnu file names to toolchain format... func_convert_file_noop
checking for /usr/bin/ld option to reload object files... -r
checking for objdump... objdump
checking how to recognize dependent libraries... pass_all
checking for dlltool... no
checking how to associate runtime and link libraries... printf %s\n
checking for ar... ar
checking for archiver @FILE support... @
checking for strip... strip
checking for ranlib... ranlib
checking command to parse /usr/bin/nm -B output from gcc object... ok
checking for sysroot... no
checking for mt... no
checking if : is a manifest tool... no
checking how to run the C preprocessor... gcc -E
checking for ANSI C header files... yes
checking for sys/types.h... yes
checking for sys/stat.h... yes
checking for stdlib.h... yes
checking for string.h... yes
checking for memory.h... yes
checking for strings.h... yes
checking for inttypes.h... yes
checking for stdint.h... yes
checking for unistd.h... yes
checking for dlfcn.h... yes
checking for objdir... .libs
checking if gcc supports -fno-rtti -fno-exceptions... no
checking for gcc option to produce PIC... -fPIC -DPIC
checking if gcc PIC flag -fPIC -DPIC works... yes
checking if gcc static flag -static works... yes
checking if gcc supports -c -o file.o... yes
checking if gcc supports -c -o file.o... (cached) yes
checking whether the gcc linker (/usr/bin/ld -m elf_x86_64) supports shared libraries... yes
checking whether -lc should be explicitly linked in... no
checking dynamic linker characteristics... GNU/Linux ld.so
checking how to hardcode library paths into programs... immediate
checking whether stripping libraries is possible... yes
checking if libtool supports shared libraries... yes
checking whether to build shared libraries... yes
checking whether to build static libraries... no
checking netdb.h usability... yes
checking netdb.h presence... yes
checking for netdb.h... yes
checking for stdlib.h... (cached) yes
checking for string.h... (cached) yes
checking for uid_t in sys/types.h... yes
checking for size_t... yes
checking for ssize_t... yes
checking for stdlib.h... (cached) yes
checking for GNU libc compatible malloc... yes
checking for endgrent... yes
checking for endpwent... yes
checking for memset... yes
checking for regcomp... yes
checking for strdup... yes
checking that generated files are newer than configure... done
configure: creating ./config.status
config.status: creating Makefile
config.status: creating src/Makefile
config.status: creating bin/Makefile
config.status: creating config.h
config.status: executing depfiles commands
config.status: executing libtool commands

                  polkit 0.112
                =================

        prefix:                     /usr
        libdir:                     ${exec_prefix}/lib
        libexecdir:                 /usr/lib/polkit-1
        bindir:                     ${exec_prefix}/bin
        sbindir:                    ${exec_prefix}/sbin
        datadir:                    ${datarootdir}
        sysconfdir:                 /etc
        localstatedir:              /var
        docdir:                     ${datarootdir}/doc/${PACKAGE_TARNAME}

        compiler:                   gcc
        cflags:                     -march=x86-64 -mtune=generic -O2 -pipe -fstack-protector-strong --param=ssp-buffer-size=4 -Wall -Wchar-subscripts -Wmissing-declarations -Wnested-externs -Wpointer-arith -Wcast-align -Wsign-compare -Wformat -Wformat-security
        cppflags:                   -D_FORTIFY_SOURCE=2
        xsltproc:                   /usr/bin/xsltproc
	introspection:		    yes

        Distribution/OS:            unknown
        Authentication framework:   pam
        Session tracking:           ConsoleKit
        PAM support:                yes
        systemdsystemunitdir:       /usr/lib/systemd/system
        polkitd user:               polkitd

        PAM file auth:              system-auth
        PAM file account:           system-auth
        PAM file password:          system-auth
        PAM file session:           system-auth

        Maintainer mode:            no
        Building api docs:          yes
        Building man pages:         yes
        Building examples:          yes


NOTE: The file /usr/lib/polkit-1/polkit-agent-helper-1 must be owned
      by root and have mode 4755 (setuid root binary)

NOTE: The file ${exec_prefix}/bin/pkexec must be owned by root and
      have mode 4755 (setuid root binary)

NOTE: The directory /etc/polkit-1/rules.d must be owned
      by user 'polkitd' and have mode 700

NOTE: The directory ${datarootdir}/polkit-1/rules.d must be owned
      by user 'polkitd' and have mode 700

make  all-recursive
make[1]: Entering directory '/build/polkit-consolekit/src/polkit-0.112'
Making all in actions
make[2]: Entering directory '/build/polkit-consolekit/src/polkit-0.112/actions'
make[2]: Nothing to be done for 'all'.
make[2]: Leaving directory '/build/polkit-consolekit/src/polkit-0.112/actions'
Making all in data
make[2]: Entering directory '/build/polkit-consolekit/src/polkit-0.112/data'
make[2]: Leaving directory '/build/polkit-consolekit/src/polkit-0.112/data'
Making all in src
make[2]: Entering directory '/build/polkit-consolekit/src/polkit-0.112/src'
Making all in polkit
make[3]: Entering directory '/build/polkit-consolekit/src/polkit-0.112/src/polkit'
( top_builddir=`cd ../.. && pwd`; \
 cd . && glib-mkenums --template polkitenumtypes.c.template polkitcheckauthorizationflags.h polkiterror.h polkitimplicitauthorization.h polkitauthorityfeatures.h) > \
   polkitenumtypes.c.tmp && mv polkitenumtypes.c.tmp polkitenumtypes.c
( top_builddir=`cd ../.. && pwd`; \
 cd . && glib-mkenums --template polkitenumtypes.h.template polkitcheckauthorizationflags.h polkiterror.h polkitimplicitauthorization.h polkitauthorityfeatures.h) > \
   polkitenumtypes.h.tmp && mv polkitenumtypes.h.tmp polkitenumtypes.h
make  all-am
make[4]: Entering directory '/build/polkit-consolekit/src/polkit-0.112/src/polkit'
  CC       libpolkit_gobject_1_la-polkitenumtypes.lo
  CC       libpolkit_gobject_1_la-polkitactiondescription.lo
  CC       libpolkit_gobject_1_la-polkitauthority.lo
  CC       libpolkit_gobject_1_la-polkitauthorityfeatures.lo
  CC       libpolkit_gobject_1_la-polkitdetails.lo
  CC       libpolkit_gobject_1_la-polkiterror.lo
  CC       libpolkit_gobject_1_la-polkitsubject.lo
  CC       libpolkit_gobject_1_la-polkitunixprocess.lo
  CC       libpolkit_gobject_1_la-polkitsystembusname.lo
  CC       libpolkit_gobject_1_la-polkitidentity.lo
polkitsubject.c: In function 'polkit_subject_from_string':
polkitsubject.c:250:11: warning: 'polkit_unix_process_new_full' is deprecated (declared at polkitunixprocess.h:53): Use polkit_unix_process_new_for_owner instead [-Wdeprecated-declarations]
           subject = polkit_unix_process_new_full (scanned_pid, scanned_starttime);
           ^
polkitsubject.c:254:11: warning: 'polkit_unix_process_new' is deprecated (declared at polkitunixprocess.h:51): Use polkit_unix_process_new_for_owner instead [-Wdeprecated-declarations]
           subject = polkit_unix_process_new (scanned_pid);
           ^
  CC       libpolkit_gobject_1_la-polkitunixuser.lo
polkitsystembusname.c: In function 'polkit_system_bus_name_get_process_sync':
polkitsystembusname.c:391:3: warning: 'polkit_unix_process_new' is deprecated (declared at polkitunixprocess.h:51): Use polkit_unix_process_new_for_owner instead [-Wdeprecated-declarations]
   ret = polkit_unix_process_new (pid);
   ^
  CC       libpolkit_gobject_1_la-polkitunixgroup.lo
  CC       libpolkit_gobject_1_la-polkitunixnetgroup.lo
  CC       libpolkit_gobject_1_la-polkitauthorizationresult.lo
  CC       libpolkit_gobject_1_la-polkitcheckauthorizationflags.lo
  CC       libpolkit_gobject_1_la-polkitimplicitauthorization.lo
  CC       libpolkit_gobject_1_la-polkittemporaryauthorization.lo
  CC       libpolkit_gobject_1_la-polkitpermission.lo
  CC       libpolkit_gobject_1_la-polkitunixsession.lo
polkitpermission.c: In function 'polkit_permission_constructed':
polkitpermission.c:125:5: warning: 'polkit_unix_process_new' is deprecated (declared at ../../src/polkit/polkitunixprocess.h:51): Use polkit_unix_process_new_for_owner instead [-Wdeprecated-declarations]
     permission->subject = polkit_unix_process_new (getpid ());
     ^
  CCLD     libpolkit-gobject-1.la
  GISCAN   Polkit-1.0.gir
g-ir-scanner: Polkit: warning: 2 warnings suppressed (use --warn-all to see them)
  GICOMP   Polkit-1.0.gir
make[4]: Leaving directory '/build/polkit-consolekit/src/polkit-0.112/src/polkit'
make[3]: Leaving directory '/build/polkit-consolekit/src/polkit-0.112/src/polkit'
Making all in polkitbackend
make[3]: Entering directory '/build/polkit-consolekit/src/polkit-0.112/src/polkitbackend'
./toarray.pl ./init.js init_js > initjs.h
make  all-am
make[4]: Entering directory '/build/polkit-consolekit/src/polkit-0.112/src/polkitbackend'
  CC       libpolkit_backend_1_la-polkitbackendauthority.lo
  CC       libpolkit_backend_1_la-polkitbackendinteractiveauthority.lo
  CC       libpolkit_backend_1_la-polkitbackendconfigsource.lo
  CC       libpolkit_backend_1_la-polkitbackendjsauthority.lo
  CC       libpolkit_backend_1_la-polkitbackendactionpool.lo
  CC       libpolkit_backend_1_la-polkitbackendactionlookup.lo
  CC       libpolkit_backend_1_la-polkitbackendsessionmonitor.lo
  CC       polkitd-polkitd.o
polkitd.c: In function 'become_user':
polkitd.c:129:3: warning: ignoring return value of 'setregid', declared with attribute warn_unused_result [-Wunused-result]
   setregid (pw->pw_gid, pw->pw_gid);
   ^
polkitd.c:130:3: warning: ignoring return value of 'setreuid', declared with attribute warn_unused_result [-Wunused-result]
   setreuid (pw->pw_uid, pw->pw_uid);
   ^
  CCLD     libpolkit-backend-1.la
  CCLD     polkitd
make[4]: Leaving directory '/build/polkit-consolekit/src/polkit-0.112/src/polkitbackend'
make[3]: Leaving directory '/build/polkit-consolekit/src/polkit-0.112/src/polkitbackend'
Making all in polkitagent
make[3]: Entering directory '/build/polkit-consolekit/src/polkit-0.112/src/polkitagent'
glib-genmarshal --prefix=_polkit_agent_marshal ./polkitagentmarshal.list --header > polkitagentmarshal.h.tmp && mv polkitagentmarshal.h.tmp polkitagentmarshal.h
( top_builddir=`cd ../.. && pwd`; \
 cd . && glib-mkenums --template polkitagentenumtypes.c.template polkitagentlistener.h) > \
   polkitagentenumtypes.c.tmp && mv polkitagentenumtypes.c.tmp polkitagentenumtypes.c
( top_builddir=`cd ../.. && pwd`; \
 cd . && glib-mkenums --template polkitagentenumtypes.h.template polkitagentlistener.h) > \
   polkitagentenumtypes.h.tmp && mv polkitagentenumtypes.h.tmp polkitagentenumtypes.h
(echo "#include \"polkitagentmarshal.h\""; glib-genmarshal --prefix=_polkit_agent_marshal ./polkitagentmarshal.list --body) > polkitagentmarshal.c.tmp && mv polkitagentmarshal.c.tmp polkitagentmarshal.c
touch marshal.stamp
make  all-am
make[4]: Entering directory '/build/polkit-consolekit/src/polkit-0.112/src/polkitagent'
  CC       libpolkit_agent_1_la-polkitagentenumtypes.lo
  CC       libpolkit_agent_1_la-polkitagentmarshal.lo
  CC       libpolkit_agent_1_la-polkitagentlistener.lo
  CC       libpolkit_agent_1_la-polkitagentsession.lo
  CC       libpolkit_agent_1_la-polkitagenttextlistener.lo
  CC       polkit_agent_helper_1-polkitagenthelperprivate.o
  CC       polkit_agent_helper_1-polkitagenthelper-pam.o
polkitagentsession.c: In function 'polkit_agent_session_response':
polkitagentsession.c:570:3: warning: ignoring return value of 'write', declared with attribute warn_unused_result [-Wunused-result]
   write (session->child_stdin, response, response_len);
   ^
polkitagentsession.c:572:5: warning: ignoring return value of 'write', declared with attribute warn_unused_result [-Wunused-result]
     write (session->child_stdin, newline, 1);
     ^
  CCLD     polkit-agent-helper-1
  CCLD     libpolkit-agent-1.la
  GISCAN   PolkitAgent-1.0.gir
  GICOMP   PolkitAgent-1.0.gir
make[4]: Leaving directory '/build/polkit-consolekit/src/polkit-0.112/src/polkitagent'
make[3]: Leaving directory '/build/polkit-consolekit/src/polkit-0.112/src/polkitagent'
Making all in programs
make[3]: Entering directory '/build/polkit-consolekit/src/polkit-0.112/src/programs'
  CC       pkexec-pkexec.o
  CC       pkcheck-pkcheck.o
  CC       pkaction-pkaction.o
  CC       pkttyagent-pkttyagent.o
pkttyagent.c: In function 'main':
pkttyagent.c:114:2: warning: 'polkit_unix_process_new_full' is deprecated (declared at ../../src/polkit/polkitunixprocess.h:53): Use polkit_unix_process_new_for_owner instead [-Wdeprecated-declarations]
  subject = polkit_unix_process_new_full (pid, pid_start_time);
  ^
pkttyagent.c:116:2: warning: 'polkit_unix_process_new' is deprecated (declared at ../../src/polkit/polkitunixprocess.h:51): Use polkit_unix_process_new_for_owner instead [-Wdeprecated-declarations]
  subject = polkit_unix_process_new (pid);
  ^
pkcheck.c: In function 'main':
pkcheck.c:402:15: warning: 'polkit_unix_process_new_full' is deprecated (declared at ../../src/polkit/polkitunixprocess.h:53): Use polkit_unix_process_new_for_owner instead [-Wdeprecated-declarations]
               subject = polkit_unix_process_new_full (pid, pid_start_time);
               ^
pkcheck.c:406:15: warning: 'polkit_unix_process_new' is deprecated (declared at ../../src/polkit/polkitunixprocess.h:51): Use polkit_unix_process_new_for_owner instead [-Wdeprecated-declarations]
               subject = polkit_unix_process_new (pid);
               ^
  CCLD     pkaction
pkexec.c: In function 'main':
pkexec.c:881:7: warning: ignoring return value of 'setreuid', declared with attribute warn_unused_result [-Wunused-result]
       setreuid (0, 0);
       ^
pkexec.c:933:3: warning: ignoring return value of 'setregid', declared with attribute warn_unused_result [-Wunused-result]
   setregid (pw->pw_gid, pw->pw_gid);
   ^
pkexec.c:934:3: warning: ignoring return value of 'setreuid', declared with attribute warn_unused_result [-Wunused-result]
   setreuid (pw->pw_uid, pw->pw_uid);
   ^
  CCLD     pkttyagent
  CCLD     pkcheck
  CCLD     pkexec
make[3]: Leaving directory '/build/polkit-consolekit/src/polkit-0.112/src/programs'
Making all in examples
make[3]: Entering directory '/build/polkit-consolekit/src/polkit-0.112/src/examples'
  CC       cancel-cancel.o
  CC       pk_example_frobnicate-frobnicate.o
  CCLD     pk-example-frobnicate
cancel.c: In function 'main':
cancel.c:131:3: warning: 'polkit_unix_process_new' is deprecated (declared at ../../src/polkit/polkitunixprocess.h:51): Use polkit_unix_process_new_for_owner instead [-Wdeprecated-declarations]
   subject = polkit_unix_process_new (parent_pid);
   ^
  CCLD     cancel
make[3]: Leaving directory '/build/polkit-consolekit/src/polkit-0.112/src/examples'
make[3]: Entering directory '/build/polkit-consolekit/src/polkit-0.112/src'
make[3]: Nothing to be done for 'all-am'.
make[3]: Leaving directory '/build/polkit-consolekit/src/polkit-0.112/src'
make[2]: Leaving directory '/build/polkit-consolekit/src/polkit-0.112/src'
Making all in docs
make[2]: Entering directory '/build/polkit-consolekit/src/polkit-0.112/docs'
Making all in man
make[3]: Entering directory '/build/polkit-consolekit/src/polkit-0.112/docs/man'
/usr/bin/xsltproc -nonet --stringparam man.base.url.for.relative.links /usr/share/gtk-doc/html/polkit-1/ --xinclude http://docbook.sourceforge.net/release/xsl/current/manpages/docbook.xsl polkit.xml
/usr/bin/xsltproc -nonet --stringparam man.base.url.for.relative.links /usr/share/gtk-doc/html/polkit-1/ --xinclude http://docbook.sourceforge.net/release/xsl/current/manpages/docbook.xsl polkitd.xml
/usr/bin/xsltproc -nonet --stringparam man.base.url.for.relative.links /usr/share/gtk-doc/html/polkit-1/ --xinclude http://docbook.sourceforge.net/release/xsl/current/manpages/docbook.xsl pkexec.xml
/usr/bin/xsltproc -nonet --stringparam man.base.url.for.relative.links /usr/share/gtk-doc/html/polkit-1/ --xinclude http://docbook.sourceforge.net/release/xsl/current/manpages/docbook.xsl pkcheck.xml
/usr/bin/xsltproc -nonet --stringparam man.base.url.for.relative.links /usr/share/gtk-doc/html/polkit-1/ --xinclude http://docbook.sourceforge.net/release/xsl/current/manpages/docbook.xsl pkaction.xml
Error: no ID for constraint linkend: polkit.8.
Error: no ID for constraint linkend: polkit.8.
Error: no ID for constraint linkend: pkaction.1.
Error: no ID for constraint linkend: pkcheck.1.
Error: no ID for constraint linkend: pkexec.1.
Error: no ID for constraint linkend: pkttyagent.1.
Note: Writing polkitd.8
/usr/bin/xsltproc -nonet --stringparam man.base.url.for.relative.links /usr/share/gtk-doc/html/polkit-1/ --xinclude http://docbook.sourceforge.net/release/xsl/current/manpages/docbook.xsl pkttyagent.xml
Error: no ID for constraint linkend: polkit.8.
Error: no ID for constraint linkend: polkitd.8.
Error: no ID for constraint linkend: pkaction.1.
Error: no ID for constraint linkend: pkexec.1.
Error: no ID for constraint linkend: pkttyagent.1.
Error: no ID for constraint linkend: polkitd.8.
Note: Writing pkcheck.1
Error: no ID for constraint linkend: pkcheck.1.
Error: no ID for constraint linkend: PolkitAgentTextListener-struct.
Error: no ID for constraint linkend: pkttyagent.1.
Error: no ID for constraint linkend: pkaction.1.
Error: no ID for constraint linkend: pkexec.1.
Error: no ID for constraint linkend: PolkitIdentity-struct.
Error: no ID for constraint linkend: polkit.8.
Error: no ID for constraint linkend: polkitd.8.
Error: no ID for constraint linkend: pkaction.1.
Error: no ID for constraint linkend: pkcheck.1.
Error: no ID for constraint linkend: pkttyagent.1.
Note: Writing pkexec.1
Error: no ID for constraint linkend: pkexec.1.
Error: no ID for constraint linkend: polkit.8.
Error: no ID for constraint linkend: polkitd.8.Error: no ID for constraint linkend: pkexec.1.

Error: no ID for constraint linkend: pkcheck.1.
Error: no ID for constraint linkend: pkexec.1.
Error: no ID for constraint linkend: pkttyagent.1.
Note: Writing pkaction.1
Error: no ID for constraint linkend: polkitd.8.
Error: no ID for constraint linkend: pkaction.1.
Error: no ID for constraint linkend: pkcheck.1.
Error: no ID for constraint linkend: pkexec.1.
Error: no ID for constraint linkend: pkttyagent.1.
Note: Writing polkit.8
Error: no ID for constraint linkend: eggdbus-signal-org.freedesktop.PolicyKit1.Authority::Changed.
Error: no ID for constraint linkend: polkit.8.
Error: no ID for constraint linkend: polkitd.8.
Error: no ID for constraint linkend: pkaction.1.
Error: no ID for constraint linkend: pkcheck.1.
Error: no ID for constraint linkend: pkexec.1.
Note: Writing pkttyagent.1
make[3]: Leaving directory '/build/polkit-consolekit/src/polkit-0.112/docs/man'
Making all in polkit
make[3]: Entering directory '/build/polkit-consolekit/src/polkit-0.112/docs/polkit'
  DOC   Preparing build
  DOC   Scanning header files
  DOC   Introspecting gobjects
  DOC   Building XML
./polkit-1-unused.txt:1: warning: 6 unused declarations.They should be added to polkit-1-sections.txt in the appropriate place.
  DOC   Building HTML
  DOC   Fixing cross-references
html/polkit-1-PolkitError.html:78: warning: no link for: 'GError' -> (<span class="type">GError</span>).
html/PolkitSubject.html:153: warning: no link for: 'g-hash-table-new' -> (<code class="function">g_hash_table_new()</code>).
html/PolkitSubject.html:209: warning: no link for: 'TRUE:CAPS' -> (<code class="literal">TRUE</code>).
html/PolkitSubject.html:211: warning: no link for: 'FALSE:CAPS' -> (<code class="literal">FALSE</code>).
html/PolkitSubject.html:220: warning: no link for: 'GCancellable' -> (<span class="type">GCancellable</span>).
html/PolkitSubject.html:221: warning: no link for: 'GAsyncReadyCallback' -> (<span class="type">GAsyncReadyCallback</span>).
html/PolkitSubject.html:247: warning: no link for: 'NULL:CAPS' -> (<code class="literal">NULL</code>).
html/PolkitSubject.html:270: warning: no link for: 'GAsyncResult' -> (<span class="type">GAsyncResult</span>).
html/PolkitSubject.html:379: warning: no link for: 'g-free' -> (<code class="function">g_free()</code>).
html/PolkitSubject.html:418: warning: no link for: 'g-object-unref' -> (<code class="function">g_object_unref()</code>).
html/PolkitSubject.html:468: warning: no link for: 'GTypeInterface' -> (<span class="type">GTypeInterface</span>).
html/PolkitAgentListener.html:157: warning: no link for: 'GList' -> (<span class="type">GList</span>).
html/PolkitAgentListener.html:377: warning: no link for: 'GVariant' -> (<span class="type">GVariant</span>).
html/PolkitAgentListener.html:546: warning: no link for: 'GObjectClass' -> (<span class="type">GObjectClass</span>).
html/PolkitPermission.html:33: warning: no link for: 'GPermission' -> (<span class="type">GPermission</span>).
html/PolkitPermission.html:144: warning: no link for: 'GtkLockButton' -> (<span class="type">GtkLockButton</span>).
html/PolkitDetails.html:223: warning: no link for: 'g-strfreev' -> (<code class="function">g_strfreev()</code>).
html/PolkitAgentSession.html:120: warning: no link for: 'G-SIGNAL-RUN-LAST:CAPS' -> (Run Last).
html/PolkitAuthority.html:570: warning: no link for: 'GObject-notify' -> (<span class="type">“notify”</span>).
html/PolkitAuthority.html:986: warning: no link for: 'g-list-free' -> (<code class="function">g_list_free()</code>).
make[3]: Leaving directory '/build/polkit-consolekit/src/polkit-0.112/docs/polkit'
make[3]: Entering directory '/build/polkit-consolekit/src/polkit-0.112/docs'
make[3]: Nothing to be done for 'all-am'.
make[3]: Leaving directory '/build/polkit-consolekit/src/polkit-0.112/docs'
make[2]: Leaving directory '/build/polkit-consolekit/src/polkit-0.112/docs'
Making all in po
make[2]: Entering directory '/build/polkit-consolekit/src/polkit-0.112/po'
  MSGFMT cs.gmo
  MSGFMT da.gmo
make[2]: Leaving directory '/build/polkit-consolekit/src/polkit-0.112/po'
Making all in test
make[2]: Entering directory '/build/polkit-consolekit/src/polkit-0.112/test'
Making all in mocklibc
make[3]: Entering directory '/build/polkit-consolekit/src/polkit-0.112/test/mocklibc'
make  all-recursive
make[4]: Entering directory '/build/polkit-consolekit/src/polkit-0.112/test/mocklibc'
Making all in src
make[5]: Entering directory '/build/polkit-consolekit/src/polkit-0.112/test/mocklibc/src'
/bin/sh ../libtool  --tag=CC   --mode=compile gcc -DHAVE_CONFIG_H -I. -I..   -D_FORTIFY_SOURCE=2  -march=x86-64 -mtune=generic -O2 -pipe -fstack-protector-strong --param=ssp-buffer-size=4 -MT pwd.lo -MD -MP -MF .deps/pwd.Tpo -c -o pwd.lo pwd.c
/bin/sh ../libtool  --tag=CC   --mode=compile gcc -DHAVE_CONFIG_H -I. -I..   -D_FORTIFY_SOURCE=2  -march=x86-64 -mtune=generic -O2 -pipe -fstack-protector-strong --param=ssp-buffer-size=4 -MT grp.lo -MD -MP -MF .deps/grp.Tpo -c -o grp.lo grp.c
/bin/sh ../libtool  --tag=CC   --mode=compile gcc -DHAVE_CONFIG_H -I. -I..   -D_FORTIFY_SOURCE=2  -march=x86-64 -mtune=generic -O2 -pipe -fstack-protector-strong --param=ssp-buffer-size=4 -MT netdb.lo -MD -MP -MF .deps/netdb.Tpo -c -o netdb.lo netdb.c
/bin/sh ../libtool  --tag=CC   --mode=compile gcc -DHAVE_CONFIG_H -I. -I..   -D_FORTIFY_SOURCE=2  -march=x86-64 -mtune=generic -O2 -pipe -fstack-protector-strong --param=ssp-buffer-size=4 -MT netgroup.lo -MD -MP -MF .deps/netgroup.Tpo -c -o netgroup.lo netgroup.c
gcc -DHAVE_CONFIG_H -I. -I..   -D_FORTIFY_SOURCE=2  -march=x86-64 -mtune=generic -O2 -pipe -fstack-protector-strong --param=ssp-buffer-size=4 -MT netgroup-debug.o -MD -MP -MF .deps/netgroup-debug.Tpo -c -o netgroup-debug.o netgroup-debug.c
libtool: compile:  gcc -DHAVE_CONFIG_H -I. -I.. -D_FORTIFY_SOURCE=2 -march=x86-64 -mtune=generic -O2 -pipe -fstack-protector-strong --param=ssp-buffer-size=4 -MT netdb.lo -MD -MP -MF .deps/netdb.Tpo -c netdb.c  -fPIC -DPIC -o .libs/netdb.o
libtool: compile:  gcc -DHAVE_CONFIG_H -I. -I.. -D_FORTIFY_SOURCE=2 -march=x86-64 -mtune=generic -O2 -pipe -fstack-protector-strong --param=ssp-buffer-size=4 -MT grp.lo -MD -MP -MF .deps/grp.Tpo -c grp.c  -fPIC -DPIC -o .libs/grp.o
libtool: compile:  gcc -DHAVE_CONFIG_H -I. -I.. -D_FORTIFY_SOURCE=2 -march=x86-64 -mtune=generic -O2 -pipe -fstack-protector-strong --param=ssp-buffer-size=4 -MT netgroup.lo -MD -MP -MF .deps/netgroup.Tpo -c netgroup.c  -fPIC -DPIC -o .libs/netgroup.o
libtool: compile:  gcc -DHAVE_CONFIG_H -I. -I.. -D_FORTIFY_SOURCE=2 -march=x86-64 -mtune=generic -O2 -pipe -fstack-protector-strong --param=ssp-buffer-size=4 -MT pwd.lo -MD -MP -MF .deps/pwd.Tpo -c pwd.c  -fPIC -DPIC -o .libs/pwd.o
mv -f .deps/netgroup-debug.Tpo .deps/netgroup-debug.Po
mv -f .deps/pwd.Tpo .deps/pwd.Plo
mv -f .deps/grp.Tpo .deps/grp.Plo
mv -f .deps/netdb.Tpo .deps/netdb.Plo
mv -f .deps/netgroup.Tpo .deps/netgroup.Plo
/bin/sh ../libtool  --tag=CC   --mode=link gcc  -march=x86-64 -mtune=generic -O2 -pipe -fstack-protector-strong --param=ssp-buffer-size=4  -Wl,-O1,--sort-common,--as-needed,-z,relro -o libmocklibc.la -rpath /usr/lib pwd.lo grp.lo netdb.lo netgroup.lo  
libtool: link: gcc -shared  -fPIC -DPIC  .libs/pwd.o .libs/grp.o .libs/netdb.o .libs/netgroup.o    -march=x86-64 -mtune=generic -O2 -Wl,-O1 -Wl,--sort-common -Wl,--as-needed -Wl,-z -Wl,relro   -Wl,-soname -Wl,libmocklibc.so.0 -o .libs/libmocklibc.so.0.0.0
libtool: link: (cd ".libs" && rm -f "libmocklibc.so.0" && ln -s "libmocklibc.so.0.0.0" "libmocklibc.so.0")
libtool: link: (cd ".libs" && rm -f "libmocklibc.so" && ln -s "libmocklibc.so.0.0.0" "libmocklibc.so")
libtool: link: ( cd ".libs" && rm -f "libmocklibc.la" && ln -s "../libmocklibc.la" "libmocklibc.la" )
/bin/sh ../libtool  --tag=CC   --mode=link gcc  -march=x86-64 -mtune=generic -O2 -pipe -fstack-protector-strong --param=ssp-buffer-size=4  -Wl,-O1,--sort-common,--as-needed,-z,relro -o mocklibc-debug-netgroup netgroup-debug.o libmocklibc.la 
libtool: link: gcc -march=x86-64 -mtune=generic -O2 -pipe -fstack-protector-strong --param=ssp-buffer-size=4 -Wl,-O1 -Wl,--sort-common -Wl,--as-needed -Wl,-z -Wl,relro -o .libs/mocklibc-debug-netgroup netgroup-debug.o  ./.libs/libmocklibc.so
make[5]: Leaving directory '/build/polkit-consolekit/src/polkit-0.112/test/mocklibc/src'
Making all in bin
make[5]: Entering directory '/build/polkit-consolekit/src/polkit-0.112/test/mocklibc/bin'
sed -e 's|@libdir[@]|/usr/lib|g' -e 's|@libname[@]|libmocklibc.so|g' -e 's|@top_srcdir[@]|..|g' -e 's|@top_builddir[@]|..|g' ./mocklibc.in > mocklibc
chmod a+x mocklibc
make[5]: Leaving directory '/build/polkit-consolekit/src/polkit-0.112/test/mocklibc/bin'
make[5]: Entering directory '/build/polkit-consolekit/src/polkit-0.112/test/mocklibc'
make[5]: Leaving directory '/build/polkit-consolekit/src/polkit-0.112/test/mocklibc'
make[4]: Leaving directory '/build/polkit-consolekit/src/polkit-0.112/test/mocklibc'
make[3]: Leaving directory '/build/polkit-consolekit/src/polkit-0.112/test/mocklibc'
Making all in .
make[3]: Entering directory '/build/polkit-consolekit/src/polkit-0.112/test'
  CC       polkittesthelper.lo
  CCLD     libpolkit-test-helper.la
make[3]: Leaving directory '/build/polkit-consolekit/src/polkit-0.112/test'
Making all in polkit
make[3]: Entering directory '/build/polkit-consolekit/src/polkit-0.112/test/polkit'
make[3]: Nothing to be done for 'all'.
make[3]: Leaving directory '/build/polkit-consolekit/src/polkit-0.112/test/polkit'
Making all in polkitbackend
make[3]: Entering directory '/build/polkit-consolekit/src/polkit-0.112/test/polkitbackend'
  CC       test-polkitbackendjsauthority.o
test-polkitbackendjsauthority.c: In function 'test_get_admin_identities_for_action_id':
test-polkitbackendjsauthority.c:77:3: warning: 'polkit_unix_process_new' is deprecated (declared at ../../src/polkit/polkitunixprocess.h:51): Use polkit_unix_process_new_for_owner instead [-Wdeprecated-declarations]
   caller = polkit_unix_process_new (getpid ());
   ^
test-polkitbackendjsauthority.c:78:3: warning: 'polkit_unix_process_new' is deprecated (declared at ../../src/polkit/polkitunixprocess.h:51): Use polkit_unix_process_new_for_owner instead [-Wdeprecated-declarations]
   subject = polkit_unix_process_new (getpid ());
   ^
test-polkitbackendjsauthority.c: In function 'rules_test_func':
test-polkitbackendjsauthority.c:343:3: warning: 'polkit_unix_process_new' is deprecated (declared at ../../src/polkit/polkitunixprocess.h:51): Use polkit_unix_process_new_for_owner instead [-Wdeprecated-declarations]
   caller = polkit_unix_process_new (getpid ());
   ^
test-polkitbackendjsauthority.c:344:3: warning: 'polkit_unix_process_new' is deprecated (declared at ../../src/polkit/polkitunixprocess.h:51): Use polkit_unix_process_new_for_owner instead [-Wdeprecated-declarations]
   subject = polkit_unix_process_new (getpid ());
   ^
  CCLD     polkitbackendjsauthoritytest
make[3]: Leaving directory '/build/polkit-consolekit/src/polkit-0.112/test/polkitbackend'
make[2]: Leaving directory '/build/polkit-consolekit/src/polkit-0.112/test'
make[2]: Entering directory '/build/polkit-consolekit/src/polkit-0.112'
make[2]: Leaving directory '/build/polkit-consolekit/src/polkit-0.112'
make[1]: Leaving directory '/build/polkit-consolekit/src/polkit-0.112'
