Making install in actions
make[1]: Entering directory '/build/polkit-consolekit/src/polkit-0.112/actions'
make[2]: Entering directory '/build/polkit-consolekit/src/polkit-0.112/actions'
make[2]: Nothing to be done for 'install-exec-am'.
 /usr/bin/mkdir -p '/build/polkit-consolekit/pkg/polkit-consolekit/usr/share/polkit-1/actions'
 /usr/bin/install -c -m 644 org.freedesktop.policykit.policy '/build/polkit-consolekit/pkg/polkit-consolekit/usr/share/polkit-1/actions'
make[2]: Leaving directory '/build/polkit-consolekit/src/polkit-0.112/actions'
make[1]: Leaving directory '/build/polkit-consolekit/src/polkit-0.112/actions'
Making install in data
make[1]: Entering directory '/build/polkit-consolekit/src/polkit-0.112/data'
make[2]: Entering directory '/build/polkit-consolekit/src/polkit-0.112/data'
make[2]: Nothing to be done for 'install-exec-am'.
 /usr/bin/mkdir -p '/build/polkit-consolekit/pkg/polkit-consolekit/etc/dbus-1/system.d'
 /usr/bin/mkdir -p '/build/polkit-consolekit/pkg/polkit-consolekit/usr/lib/pkgconfig'
 /usr/bin/mkdir -p '/build/polkit-consolekit/pkg/polkit-consolekit/etc/pam.d'
 /usr/bin/mkdir -p '/build/polkit-consolekit/pkg/polkit-consolekit/usr/share/dbus-1/system-services'
 /usr/bin/install -c -m 644 org.freedesktop.PolicyKit1.conf '/build/polkit-consolekit/pkg/polkit-consolekit/etc/dbus-1/system.d'
 /usr/bin/mkdir -p '/build/polkit-consolekit/pkg/polkit-consolekit/usr/lib/systemd/system'
 /usr/bin/install -c -m 644 polkit-gobject-1.pc polkit-agent-1.pc '/build/polkit-consolekit/pkg/polkit-consolekit/usr/lib/pkgconfig'
 /usr/bin/install -c -m 644 org.freedesktop.PolicyKit1.service '/build/polkit-consolekit/pkg/polkit-consolekit/usr/share/dbus-1/system-services'
 /usr/bin/install -c -m 644 polkit.service '/build/polkit-consolekit/pkg/polkit-consolekit/usr/lib/systemd/system'
 /usr/bin/install -c -m 644 polkit-1 '/build/polkit-consolekit/pkg/polkit-consolekit/etc/pam.d'
make[2]: Leaving directory '/build/polkit-consolekit/src/polkit-0.112/data'
make[1]: Leaving directory '/build/polkit-consolekit/src/polkit-0.112/data'
Making install in src
make[1]: Entering directory '/build/polkit-consolekit/src/polkit-0.112/src'
Making install in polkit
make[2]: Entering directory '/build/polkit-consolekit/src/polkit-0.112/src/polkit'
make  install-am
make[3]: Entering directory '/build/polkit-consolekit/src/polkit-0.112/src/polkit'
make[4]: Entering directory '/build/polkit-consolekit/src/polkit-0.112/src/polkit'
 /usr/bin/mkdir -p '/build/polkit-consolekit/pkg/polkit-consolekit/usr/lib'
 /usr/bin/mkdir -p '/build/polkit-consolekit/pkg/polkit-consolekit/usr/share/gir-1.0'
 /bin/sh ../../libtool   --mode=install /usr/bin/install -c   libpolkit-gobject-1.la '/build/polkit-consolekit/pkg/polkit-consolekit/usr/lib'
 /usr/bin/mkdir -p '/build/polkit-consolekit/pkg/polkit-consolekit/usr/lib/girepository-1.0'
 /usr/bin/mkdir -p '/build/polkit-consolekit/pkg/polkit-consolekit/usr/include/polkit-1/polkit'
 /usr/bin/install -c -m 644 Polkit-1.0.typelib '/build/polkit-consolekit/pkg/polkit-consolekit/usr/lib/girepository-1.0'
 /usr/bin/install -c -m 644 Polkit-1.0.gir '/build/polkit-consolekit/pkg/polkit-consolekit/usr/share/gir-1.0'
 /usr/bin/install -c -m 644 polkit.h polkitprivate.h polkittypes.h polkitenumtypes.h polkitactiondescription.h polkitauthorityfeatures.h polkitdetails.h polkitauthority.h polkiterror.h polkitsubject.h polkitunixprocess.h polkitunixsession.h polkitsystembusname.h polkitidentity.h polkitunixuser.h polkitunixgroup.h polkitunixnetgroup.h polkitauthorizationresult.h polkitcheckauthorizationflags.h polkitimplicitauthorization.h polkittemporaryauthorization.h polkitpermission.h '/build/polkit-consolekit/pkg/polkit-consolekit/usr/include/polkit-1/polkit'
libtool: install: /usr/bin/install -c .libs/libpolkit-gobject-1.so.0.0.0 /build/polkit-consolekit/pkg/polkit-consolekit/usr/lib/libpolkit-gobject-1.so.0.0.0
libtool: install: (cd /build/polkit-consolekit/pkg/polkit-consolekit/usr/lib && { ln -s -f libpolkit-gobject-1.so.0.0.0 libpolkit-gobject-1.so.0 || { rm -f libpolkit-gobject-1.so.0 && ln -s libpolkit-gobject-1.so.0.0.0 libpolkit-gobject-1.so.0; }; })
libtool: install: (cd /build/polkit-consolekit/pkg/polkit-consolekit/usr/lib && { ln -s -f libpolkit-gobject-1.so.0.0.0 libpolkit-gobject-1.so || { rm -f libpolkit-gobject-1.so && ln -s libpolkit-gobject-1.so.0.0.0 libpolkit-gobject-1.so; }; })
libtool: install: /usr/bin/install -c .libs/libpolkit-gobject-1.lai /build/polkit-consolekit/pkg/polkit-consolekit/usr/lib/libpolkit-gobject-1.la
libtool: install: warning: remember to run `libtool --finish /usr/lib'
make[4]: Leaving directory '/build/polkit-consolekit/src/polkit-0.112/src/polkit'
make[3]: Leaving directory '/build/polkit-consolekit/src/polkit-0.112/src/polkit'
make[2]: Leaving directory '/build/polkit-consolekit/src/polkit-0.112/src/polkit'
Making install in polkitbackend
make[2]: Entering directory '/build/polkit-consolekit/src/polkit-0.112/src/polkitbackend'
make  install-am
make[3]: Entering directory '/build/polkit-consolekit/src/polkit-0.112/src/polkitbackend'
make[4]: Entering directory '/build/polkit-consolekit/src/polkit-0.112/src/polkitbackend'
make[4]: Nothing to be done for 'install-exec-am'.
 /usr/bin/mkdir -p '/build/polkit-consolekit/pkg/polkit-consolekit/usr/lib/polkit-1'
 /usr/bin/mkdir -p '/build/polkit-consolekit/pkg/polkit-consolekit/etc/polkit-1/rules.d'
 /usr/bin/install -c -m 644 50-default.rules '/build/polkit-consolekit/pkg/polkit-consolekit/etc/polkit-1/rules.d'
  /bin/sh ../../libtool   --mode=install /usr/bin/install -c polkitd '/build/polkit-consolekit/pkg/polkit-consolekit/usr/lib/polkit-1'
libtool: install: warning: `../../src/polkit/libpolkit-gobject-1.la' has not been installed in `/usr/lib'
libtool: install: warning: `/build/polkit-consolekit/src/polkit-0.112/src/polkit/libpolkit-gobject-1.la' has not been installed in `/usr/lib'
libtool: install: /usr/bin/install -c .libs/polkitd /build/polkit-consolekit/pkg/polkit-consolekit/usr/lib/polkit-1/polkitd
make  install-data-hook
make[5]: Entering directory '/build/polkit-consolekit/src/polkit-0.112/src/polkitbackend'
mkdir -p /build/polkit-consolekit/pkg/polkit-consolekit/etc/polkit-1/rules.d
chmod 700 /build/polkit-consolekit/pkg/polkit-consolekit/etc/polkit-1/rules.d
chown polkitd /build/polkit-consolekit/pkg/polkit-consolekit/etc/polkit-1/rules.d
chown: invalid user: 'polkitd'
Makefile:965: recipe for target 'install-data-hook' failed
make[5]: [install-data-hook] Error 1 (ignored)
mkdir -p /build/polkit-consolekit/pkg/polkit-consolekit/usr/share/polkit-1/rules.d
chmod 700 /build/polkit-consolekit/pkg/polkit-consolekit/usr/share/polkit-1/rules.d
chown polkitd /build/polkit-consolekit/pkg/polkit-consolekit/usr/share/polkit-1/rules.d
chown: invalid user: 'polkitd'
Makefile:965: recipe for target 'install-data-hook' failed
make[5]: [install-data-hook] Error 1 (ignored)
make[5]: Leaving directory '/build/polkit-consolekit/src/polkit-0.112/src/polkitbackend'
make[4]: Leaving directory '/build/polkit-consolekit/src/polkit-0.112/src/polkitbackend'
make[3]: Leaving directory '/build/polkit-consolekit/src/polkit-0.112/src/polkitbackend'
make[2]: Leaving directory '/build/polkit-consolekit/src/polkit-0.112/src/polkitbackend'
Making install in polkitagent
make[2]: Entering directory '/build/polkit-consolekit/src/polkit-0.112/src/polkitagent'
make  install-am
make[3]: Entering directory '/build/polkit-consolekit/src/polkit-0.112/src/polkitagent'
make[4]: Entering directory '/build/polkit-consolekit/src/polkit-0.112/src/polkitagent'
 /usr/bin/mkdir -p '/build/polkit-consolekit/pkg/polkit-consolekit/usr/lib'
 /usr/bin/mkdir -p '/build/polkit-consolekit/pkg/polkit-consolekit/usr/share/gir-1.0'
 /usr/bin/mkdir -p '/build/polkit-consolekit/pkg/polkit-consolekit/usr/include/polkit-1/polkitagent'
 /bin/sh ../../libtool   --mode=install /usr/bin/install -c   libpolkit-agent-1.la '/build/polkit-consolekit/pkg/polkit-consolekit/usr/lib'
 /usr/bin/mkdir -p '/build/polkit-consolekit/pkg/polkit-consolekit/usr/lib/polkit-1'
 /usr/bin/mkdir -p '/build/polkit-consolekit/pkg/polkit-consolekit/usr/lib/girepository-1.0'
 /usr/bin/install -c -m 644 PolkitAgent-1.0.gir '/build/polkit-consolekit/pkg/polkit-consolekit/usr/share/gir-1.0'
 /usr/bin/install -c -m 644 polkitagent.h polkitagentenumtypes.h polkitagenttypes.h polkitagentsession.h polkitagentlistener.h polkitagenttextlistener.h '/build/polkit-consolekit/pkg/polkit-consolekit/usr/include/polkit-1/polkitagent'
 /usr/bin/install -c -m 644 PolkitAgent-1.0.typelib '/build/polkit-consolekit/pkg/polkit-consolekit/usr/lib/girepository-1.0'
  /bin/sh ../../libtool   --mode=install /usr/bin/install -c polkit-agent-helper-1 '/build/polkit-consolekit/pkg/polkit-consolekit/usr/lib/polkit-1'
libtool: install: warning: relinking `libpolkit-agent-1.la'
libtool: install: (cd /build/polkit-consolekit/src/polkit-0.112/src/polkitagent; /bin/sh /build/polkit-consolekit/src/polkit-0.112/libtool  --silent --tag CC --mode=relink gcc -D_POLKIT_COMPILATION -D_POLKIT_AGENT_COMPILATION -pthread -I/usr/include/glib-2.0 -I/usr/lib/glib-2.0/include -march=x86-64 -mtune=generic -O2 -pipe -fstack-protector-strong --param=ssp-buffer-size=4 -Wall -Wchar-subscripts -Wmissing-declarations -Wnested-externs -Wpointer-arith -Wcast-align -Wsign-compare -Wformat -Wformat-security -export-symbols-regex "(^polkit_.*)" -Wl,--as-needed -Wl,-O1,--sort-common,--as-needed,-z,relro -o libpolkit-agent-1.la -rpath /usr/lib libpolkit_agent_1_la-polkitagentenumtypes.lo libpolkit_agent_1_la-polkitagentmarshal.lo libpolkit_agent_1_la-polkitagentsession.lo libpolkit_agent_1_la-polkitagentlistener.lo libpolkit_agent_1_la-polkitagenttextlistener.lo -Wl,--export-dynamic -lgmodule-2.0 -pthread -lgio-2.0 -lgobject-2.0 -lglib-2.0 ../../src/polkit/libpolkit-gobject-1.la -lexpat -inst-prefix-dir /build/polkit-consolekit/pkg/polkit-consolekit)
libtool: install: warning: `../../src/polkit/libpolkit-gobject-1.la' has not been installed in `/usr/lib'
libtool: install: /usr/bin/install -c .libs/polkit-agent-helper-1 /build/polkit-consolekit/pkg/polkit-consolekit/usr/lib/polkit-1/polkit-agent-helper-1
make  install-data-hook
make[5]: Entering directory '/build/polkit-consolekit/src/polkit-0.112/src/polkitagent'
chown root /build/polkit-consolekit/pkg/polkit-consolekit/usr/lib/polkit-1/polkit-agent-helper-1
chmod 4755 /build/polkit-consolekit/pkg/polkit-consolekit/usr/lib/polkit-1/polkit-agent-helper-1
make[5]: Leaving directory '/build/polkit-consolekit/src/polkit-0.112/src/polkitagent'
libtool: install: /usr/bin/install -c .libs/libpolkit-agent-1.so.0.0.0T /build/polkit-consolekit/pkg/polkit-consolekit/usr/lib/libpolkit-agent-1.so.0.0.0
libtool: install: (cd /build/polkit-consolekit/pkg/polkit-consolekit/usr/lib && { ln -s -f libpolkit-agent-1.so.0.0.0 libpolkit-agent-1.so.0 || { rm -f libpolkit-agent-1.so.0 && ln -s libpolkit-agent-1.so.0.0.0 libpolkit-agent-1.so.0; }; })
libtool: install: (cd /build/polkit-consolekit/pkg/polkit-consolekit/usr/lib && { ln -s -f libpolkit-agent-1.so.0.0.0 libpolkit-agent-1.so || { rm -f libpolkit-agent-1.so && ln -s libpolkit-agent-1.so.0.0.0 libpolkit-agent-1.so; }; })
libtool: install: /usr/bin/install -c .libs/libpolkit-agent-1.lai /build/polkit-consolekit/pkg/polkit-consolekit/usr/lib/libpolkit-agent-1.la
libtool: install: warning: remember to run `libtool --finish /usr/lib'
make[4]: Leaving directory '/build/polkit-consolekit/src/polkit-0.112/src/polkitagent'
make[3]: Leaving directory '/build/polkit-consolekit/src/polkit-0.112/src/polkitagent'
make[2]: Leaving directory '/build/polkit-consolekit/src/polkit-0.112/src/polkitagent'
Making install in programs
make[2]: Entering directory '/build/polkit-consolekit/src/polkit-0.112/src/programs'
make[3]: Entering directory '/build/polkit-consolekit/src/polkit-0.112/src/programs'
make[3]: Nothing to be done for 'install-data-am'.
 /usr/bin/mkdir -p '/build/polkit-consolekit/pkg/polkit-consolekit/usr/bin'
  /bin/sh ../../libtool   --mode=install /usr/bin/install -c pkexec pkcheck pkaction pkttyagent '/build/polkit-consolekit/pkg/polkit-consolekit/usr/bin'
libtool: install: warning: `../../src/polkit/libpolkit-gobject-1.la' has not been installed in `/usr/lib'
libtool: install: warning: `../../src/polkitagent/libpolkit-agent-1.la' has not been installed in `/usr/lib'
libtool: install: warning: `/build/polkit-consolekit/src/polkit-0.112/src/polkit/libpolkit-gobject-1.la' has not been installed in `/usr/lib'
libtool: install: /usr/bin/install -c .libs/pkexec /build/polkit-consolekit/pkg/polkit-consolekit/usr/bin/pkexec
libtool: install: warning: `../../src/polkit/libpolkit-gobject-1.la' has not been installed in `/usr/lib'
libtool: install: warning: `../../src/polkitagent/libpolkit-agent-1.la' has not been installed in `/usr/lib'
libtool: install: warning: `/build/polkit-consolekit/src/polkit-0.112/src/polkit/libpolkit-gobject-1.la' has not been installed in `/usr/lib'
libtool: install: /usr/bin/install -c .libs/pkcheck /build/polkit-consolekit/pkg/polkit-consolekit/usr/bin/pkcheck
libtool: install: warning: `../../src/polkit/libpolkit-gobject-1.la' has not been installed in `/usr/lib'
libtool: install: /usr/bin/install -c .libs/pkaction /build/polkit-consolekit/pkg/polkit-consolekit/usr/bin/pkaction
libtool: install: warning: `../../src/polkit/libpolkit-gobject-1.la' has not been installed in `/usr/lib'
libtool: install: warning: `../../src/polkitagent/libpolkit-agent-1.la' has not been installed in `/usr/lib'
libtool: install: warning: `/build/polkit-consolekit/src/polkit-0.112/src/polkit/libpolkit-gobject-1.la' has not been installed in `/usr/lib'
libtool: install: /usr/bin/install -c .libs/pkttyagent /build/polkit-consolekit/pkg/polkit-consolekit/usr/bin/pkttyagent
make  install-exec-hook
make[4]: Entering directory '/build/polkit-consolekit/src/polkit-0.112/src/programs'
chmod 4755 /build/polkit-consolekit/pkg/polkit-consolekit/usr/bin/pkexec
make[4]: Leaving directory '/build/polkit-consolekit/src/polkit-0.112/src/programs'
make[3]: Leaving directory '/build/polkit-consolekit/src/polkit-0.112/src/programs'
make[2]: Leaving directory '/build/polkit-consolekit/src/polkit-0.112/src/programs'
Making install in examples
make[2]: Entering directory '/build/polkit-consolekit/src/polkit-0.112/src/examples'
make[3]: Entering directory '/build/polkit-consolekit/src/polkit-0.112/src/examples'
 /usr/bin/mkdir -p '/build/polkit-consolekit/pkg/polkit-consolekit/usr/bin'
 /usr/bin/mkdir -p '/build/polkit-consolekit/pkg/polkit-consolekit/usr/share/polkit-1/actions'
 /usr/bin/install -c -m 644 org.freedesktop.policykit.examples.pkexec.policy '/build/polkit-consolekit/pkg/polkit-consolekit/usr/share/polkit-1/actions'
  /bin/sh ../../libtool   --mode=install /usr/bin/install -c pk-example-frobnicate '/build/polkit-consolekit/pkg/polkit-consolekit/usr/bin'
libtool: install: /usr/bin/install -c pk-example-frobnicate /build/polkit-consolekit/pkg/polkit-consolekit/usr/bin/pk-example-frobnicate
make[3]: Leaving directory '/build/polkit-consolekit/src/polkit-0.112/src/examples'
make[2]: Leaving directory '/build/polkit-consolekit/src/polkit-0.112/src/examples'
make[2]: Entering directory '/build/polkit-consolekit/src/polkit-0.112/src'
make[3]: Entering directory '/build/polkit-consolekit/src/polkit-0.112/src'
make[3]: Nothing to be done for 'install-exec-am'.
make[3]: Nothing to be done for 'install-data-am'.
make[3]: Leaving directory '/build/polkit-consolekit/src/polkit-0.112/src'
make[2]: Leaving directory '/build/polkit-consolekit/src/polkit-0.112/src'
make[1]: Leaving directory '/build/polkit-consolekit/src/polkit-0.112/src'
Making install in docs
make[1]: Entering directory '/build/polkit-consolekit/src/polkit-0.112/docs'
Making install in man
make[2]: Entering directory '/build/polkit-consolekit/src/polkit-0.112/docs/man'
make[3]: Entering directory '/build/polkit-consolekit/src/polkit-0.112/docs/man'
make[3]: Nothing to be done for 'install-exec-am'.
 /usr/bin/mkdir -p '/build/polkit-consolekit/pkg/polkit-consolekit/usr/share/man/man1'
 /usr/bin/mkdir -p '/build/polkit-consolekit/pkg/polkit-consolekit/usr/share/man/man8'
 /usr/bin/install -c -m 644 pkexec.1 pkcheck.1 pkaction.1 pkttyagent.1 '/build/polkit-consolekit/pkg/polkit-consolekit/usr/share/man/man1'
 /usr/bin/install -c -m 644 polkit.8 polkitd.8 '/build/polkit-consolekit/pkg/polkit-consolekit/usr/share/man/man8'
make[3]: Leaving directory '/build/polkit-consolekit/src/polkit-0.112/docs/man'
make[2]: Leaving directory '/build/polkit-consolekit/src/polkit-0.112/docs/man'
Making install in polkit
make[2]: Entering directory '/build/polkit-consolekit/src/polkit-0.112/docs/polkit'
make[3]: Entering directory '/build/polkit-consolekit/src/polkit-0.112/docs/polkit'
make[3]: Nothing to be done for 'install-exec-am'.
 /usr/bin/install -c -m 644 ./html/Identities.html
 /usr/bin/install -c -m 644 ./html/PolkitActionDescription.html
 /usr/bin/install -c -m 644 ./html/PolkitAgentListener.html
 /usr/bin/install -c -m 644 ./html/PolkitAgentSession.html
 /usr/bin/install -c -m 644 ./html/PolkitAgentTextListener.html
 /usr/bin/install -c -m 644 ./html/PolkitAuthority.html
 /usr/bin/install -c -m 644 ./html/PolkitAuthorizationResult.html
 /usr/bin/install -c -m 644 ./html/PolkitDetails.html
 /usr/bin/install -c -m 644 ./html/PolkitIdentity.html
 /usr/bin/install -c -m 644 ./html/PolkitPermission.html
 /usr/bin/install -c -m 644 ./html/PolkitSubject.html
 /usr/bin/install -c -m 644 ./html/PolkitSystemBusName.html
 /usr/bin/install -c -m 644 ./html/PolkitTemporaryAuthorization.html
 /usr/bin/install -c -m 644 ./html/PolkitUnixGroup.html
 /usr/bin/install -c -m 644 ./html/PolkitUnixNetgroup.html
 /usr/bin/install -c -m 644 ./html/PolkitUnixProcess.html
 /usr/bin/install -c -m 644 ./html/PolkitUnixSession.html
 /usr/bin/install -c -m 644 ./html/PolkitUnixUser.html
 /usr/bin/install -c -m 644 ./html/annotation-glossary.html
 /usr/bin/install -c -m 644 ./html/eggdbus-interface-org.freedesktop.PolicyKit1.AuthenticationAgent.html
 /usr/bin/install -c -m 644 ./html/eggdbus-interface-org.freedesktop.PolicyKit1.Authority.html
 /usr/bin/install -c -m 644 ./html/home.png
 /usr/bin/install -c -m 644 ./html/index.html
 /usr/bin/install -c -m 644 ./html/index.sgml
 /usr/bin/install -c -m 644 ./html/left-insensitive.png
 /usr/bin/install -c -m 644 ./html/left.png
 /usr/bin/install -c -m 644 ./html/license.html
 /usr/bin/install -c -m 644 ./html/manpages.html
 /usr/bin/install -c -m 644 ./html/overview.html
 /usr/bin/install -c -m 644 ./html/pkaction.1.html
 /usr/bin/install -c -m 644 ./html/pkcheck.1.html
 /usr/bin/install -c -m 644 ./html/pkexec.1.html
 /usr/bin/install -c -m 644 ./html/pkttyagent.1.html
 /usr/bin/install -c -m 644 ./html/polit-index.html
 /usr/bin/install -c -m 644 ./html/polkit-1-PolkitError.html
 /usr/bin/install -c -m 644 ./html/polkit-1.devhelp2
 /usr/bin/install -c -m 644 ./html/polkit-agents.html
 /usr/bin/install -c -m 644 ./html/polkit-apps.html
 /usr/bin/install -c -m 644 ./html/polkit-architecture.html
 /usr/bin/install -c -m 644 ./html/polkit-architecture.png
 /usr/bin/install -c -m 644 ./html/polkit-authentication-agent-example-wheel.html
 /usr/bin/install -c -m 644 ./html/polkit-authentication-agent-example-wheel.png
 /usr/bin/install -c -m 644 ./html/polkit-authentication-agent-example.html
 /usr/bin/install -c -m 644 ./html/polkit-authentication-agent-example.png
 /usr/bin/install -c -m 644 ./html/polkit-hierarchy.html
 /usr/bin/install -c -m 644 ./html/polkit-intro.html
 /usr/bin/install -c -m 644 ./html/polkit.8.html
 /usr/bin/install -c -m 644 ./html/polkitd.8.html
 /usr/bin/install -c -m 644 ./html/ref-api.html
 /usr/bin/install -c -m 644 ./html/ref-authentication-agent-api.html
 /usr/bin/install -c -m 644 ./html/ref-dbus-api.html
 /usr/bin/install -c -m 644 ./html/right-insensitive.png
 /usr/bin/install -c -m 644 ./html/right.png
 /usr/bin/install -c -m 644 ./html/style.css
 /usr/bin/install -c -m 644 ./html/subjects.html
 /usr/bin/install -c -m 644 ./html/up-insensitive.png
 /usr/bin/install -c -m 644 ./html/up.png
make[3]: Leaving directory '/build/polkit-consolekit/src/polkit-0.112/docs/polkit'
make[2]: Leaving directory '/build/polkit-consolekit/src/polkit-0.112/docs/polkit'
make[2]: Entering directory '/build/polkit-consolekit/src/polkit-0.112/docs'
make[3]: Entering directory '/build/polkit-consolekit/src/polkit-0.112/docs'
make[3]: Nothing to be done for 'install-exec-am'.
make[3]: Nothing to be done for 'install-data-am'.
make[3]: Leaving directory '/build/polkit-consolekit/src/polkit-0.112/docs'
make[2]: Leaving directory '/build/polkit-consolekit/src/polkit-0.112/docs'
make[1]: Leaving directory '/build/polkit-consolekit/src/polkit-0.112/docs'
Making install in po
make[1]: Entering directory '/build/polkit-consolekit/src/polkit-0.112/po'
linguas="cs da "; \
for lang in $linguas; do \
  dir=/build/polkit-consolekit/pkg/polkit-consolekit/usr/share/locale/$lang/LC_MESSAGES; \
  /bin/sh /build/polkit-consolekit/src/polkit-0.112/install-sh -d $dir; \
  if test -r $lang.gmo; then \
    /usr/bin/install -c -m 644 $lang.gmo $dir/polkit-1.mo; \
    echo "installing $lang.gmo as $dir/polkit-1.mo"; \
  else \
    /usr/bin/install -c -m 644 ./$lang.gmo $dir/polkit-1.mo; \
    echo "installing ./$lang.gmo as" \
	 "$dir/polkit-1.mo"; \
  fi; \
  if test -r $lang.gmo.m; then \
    /usr/bin/install -c -m 644 $lang.gmo.m $dir/polkit-1.mo.m; \
    echo "installing $lang.gmo.m as $dir/polkit-1.mo.m"; \
  else \
    if test -r ./$lang.gmo.m ; then \
      /usr/bin/install -c -m 644 ./$lang.gmo.m \
	$dir/polkit-1.mo.m; \
      echo "installing ./$lang.gmo.m as" \
	   "$dir/polkit-1.mo.m"; \
    else \
      true; \
    fi; \
  fi; \
done
installing cs.gmo as /build/polkit-consolekit/pkg/polkit-consolekit/usr/share/locale/cs/LC_MESSAGES/polkit-1.mo
installing da.gmo as /build/polkit-consolekit/pkg/polkit-consolekit/usr/share/locale/da/LC_MESSAGES/polkit-1.mo
make[1]: Leaving directory '/build/polkit-consolekit/src/polkit-0.112/po'
Making install in test
make[1]: Entering directory '/build/polkit-consolekit/src/polkit-0.112'
make[2]: Entering directory '/build/polkit-consolekit/src/polkit-0.112'
make[2]: Nothing to be done for 'install-exec-am'.
make[2]: Nothing to be done for 'install-data-am'.
make[2]: Leaving directory '/build/polkit-consolekit/src/polkit-0.112'
make[1]: Leaving directory '/build/polkit-consolekit/src/polkit-0.112'
