checking for a BSD-compatible install... /usr/bin/install -c
checking whether build environment is sane... yes
checking for a thread-safe mkdir -p... /usr/bin/mkdir -p
checking for gawk... gawk
checking whether make sets $(MAKE)... yes
checking whether make supports nested variables... yes
checking whether UID '99' is supported by ustar format... yes
checking whether GID '99' is supported by ustar format... yes
checking how to create a ustar tar archive... gnutar
checking whether to enable maintainer-specific portions of Makefiles... yes
checking whether make supports nested variables... (cached) yes
checking for pkg-config... /usr/bin/pkg-config
checking pkg-config is at least version 0.9.0... yes
checking for gobject-introspection... yes
checking for gcc... gcc
checking whether the C compiler works... yes
checking for C compiler default output file name... a.out
checking for suffix of executables... 
checking whether we are cross compiling... no
checking for suffix of object files... o
checking whether we are using the GNU C compiler... yes
checking whether gcc accepts -g... yes
checking for gcc option to accept ISO C89... none needed
checking for style of include used by make... GNU
checking dependency style of gcc... gcc3
checking whether gcc and cc understand -c and -o together... yes
checking how to run the C preprocessor... gcc -E
checking for grep that handles long lines and -e... /usr/bin/grep
checking for egrep... /usr/bin/grep -E
checking for ANSI C header files... yes
checking whether make sets $(MAKE)... (cached) yes
checking whether ln -s works... yes
checking for special C compiler options needed for large files... no
checking for _FILE_OFFSET_BITS value needed for large files... 64
checking build system type... i686-pc-linux-gnu
checking host system type... i686-pc-linux-gnu
checking how to print strings... printf
checking for a sed that does not truncate output... /usr/bin/sed
checking for fgrep... /usr/bin/grep -F
checking for ld used by gcc... /usr/bin/ld
checking if the linker (/usr/bin/ld) is GNU ld... yes
checking for BSD- or MS-compatible name lister (nm)... /usr/bin/nm -B
checking the name lister (/usr/bin/nm -B) interface... BSD nm
checking the maximum length of command line arguments... 1572864
checking whether the shell understands some XSI constructs... yes
checking whether the shell understands "+="... yes
checking how to convert i686-pc-linux-gnu file names to i686-pc-linux-gnu format... func_convert_file_noop
checking how to convert i686-pc-linux-gnu file names to toolchain format... func_convert_file_noop
checking for /usr/bin/ld option to reload object files... -r
checking for objdump... objdump
checking how to recognize dependent libraries... pass_all
checking for dlltool... no
checking how to associate runtime and link libraries... printf %s\n
checking for ar... ar
checking for archiver @FILE support... @
checking for strip... strip
checking for ranlib... ranlib
checking command to parse /usr/bin/nm -B output from gcc object... ok
checking for sysroot... no
checking for mt... no
checking if : is a manifest tool... no
checking for sys/types.h... yes
checking for sys/stat.h... yes
checking for stdlib.h... yes
checking for string.h... yes
checking for memory.h... yes
checking for strings.h... yes
checking for inttypes.h... yes
checking for stdint.h... yes
checking for unistd.h... yes
checking for dlfcn.h... yes
checking for objdir... .libs
checking if gcc supports -fno-rtti -fno-exceptions... no
checking for gcc option to produce PIC... -fPIC -DPIC
checking if gcc PIC flag -fPIC -DPIC works... yes
checking if gcc static flag -static works... yes
checking if gcc supports -c -o file.o... yes
checking if gcc supports -c -o file.o... (cached) yes
checking whether the gcc linker (/usr/bin/ld) supports shared libraries... yes
checking whether -lc should be explicitly linked in... no
checking dynamic linker characteristics... GNU/Linux ld.so
checking how to hardcode library paths into programs... immediate
checking whether stripping libraries is possible... yes
checking if libtool supports shared libraries... yes
checking whether to build shared libraries... yes
checking whether to build static libraries... no
checking for xsltproc... /usr/bin/xsltproc
checking for gtkdoc-check... /usr/bin/gtkdoc-check
checking for gtkdoc-rebase... /usr/bin/gtkdoc-rebase
checking for gtkdoc-mkpdf... /usr/bin/gtkdoc-mkpdf
checking whether to build gtk-doc documentation... no
checking whether C compiler accepts -fPIE... yes
checking whether the linker accepts -fPIE -pie... yes
checking whether the linker accepts -Wl,-z,relro,-z,now... yes
checking for GLIB... yes
checking for DBUS... yes
checking for DBUS_GLIB... yes
checking for POLKIT... yes
checking for GIO... yes
checking for GUDEV... yes
checking for USB... yes
checking for IDEVICE... yes
checking whether NLS is requested... yes
checking for intltool >= 0.40.0... 0.50.2 found
checking for intltool-update... /usr/bin/intltool-update
checking for intltool-merge... /usr/bin/intltool-merge
checking for intltool-extract... /usr/bin/intltool-extract
checking for xgettext... /usr/bin/xgettext
checking for msgmerge... /usr/bin/msgmerge
checking for msgfmt... /usr/bin/msgfmt
checking for gmsgfmt... /usr/bin/msgfmt
checking for perl... /usr/bin/perl
checking for perl >= 5.8.1... 5.20.0
checking for XML::Parser... ok
checking for msgfmt... (cached) /usr/bin/msgfmt
checking for gmsgfmt... (cached) /usr/bin/msgfmt
checking for xgettext... (cached) /usr/bin/xgettext
checking for msgmerge... (cached) /usr/bin/msgmerge
checking for ld used by GCC... /usr/bin/ld
checking if the linker (/usr/bin/ld) is GNU ld... yes
checking for shared library run path origin... done
checking for CFPreferencesCopyAppValue... no
checking for CFLocaleCopyCurrent... no
checking for GNU gettext in libc... yes
checking whether to use NLS... yes
checking where the gettext function comes from... libc
checking that generated files are newer than configure... done
configure: creating ./config.status
config.status: creating Makefile
config.status: creating upower-glib.pc
config.status: creating etc/Makefile
config.status: creating src/Makefile
config.status: creating src/dummy/Makefile
config.status: creating src/freebsd/Makefile
config.status: creating src/openbsd/Makefile
config.status: creating src/linux/Makefile
config.status: creating tools/Makefile
config.status: creating doc/Makefile
config.status: creating doc/version.xml
config.status: creating doc/man/Makefile
config.status: creating doc/dbus/Makefile
config.status: creating policy/Makefile
config.status: creating rules/Makefile
config.status: creating libupower-glib/Makefile
config.status: creating libupower-glib/up-version.h
config.status: creating po/Makefile.in
config.status: creating config.h
config.status: executing depfiles commands
config.status: executing libtool commands
config.status: executing po-directories commands
config.status: creating po/POTFILES
config.status: creating po/Makefile
config.status: executing po/stamp-it commands

                 UPower 0.9.23
             =========================

        prefix:                     /usr
        libdir:                     ${exec_prefix}/lib
        libexecdir:                 /usr/lib/upower
        bindir:                     ${exec_prefix}/bin
        sbindir:                    ${exec_prefix}/sbin
        datadir:                    ${datarootdir}
        sysconfdir:                 /etc
        localstatedir:              /var
        docdir:                     ${datarootdir}/doc/${PACKAGE_TARNAME}

        compiler:                   gcc
        cflags:                     -march=i686 -mtune=generic -O2 -pipe -fstack-protector-strong --param=ssp-buffer-size=4
        cppflags:                   -D_FORTIFY_SOURCE=2 -DG_DISABLE_SINGLE_INCLUDES -DGTK_DISABLE_SINGLE_INCLUDES -DGDK_MULTIHEAD_SAFE -DGTK_MULTIHEAD_SAFE -DGSEAL_ENABLE
        xsltproc:                   /usr/bin/xsltproc

        Enable deprecated stuff:    yes
        Backend:                    linux
        libimobiledevice support:   yes
        Maintainer mode:            yes
        Building api docs:          no
        Building man pages:         yes
        Building unit tests:        yes

make  all-recursive
make[1]: Entering directory '/build/upower-nosystemd-pmutils/src/upower-0.9.23'
Making all in etc
make[2]: Entering directory '/build/upower-nosystemd-pmutils/src/upower-0.9.23/etc'
make[2]: Nothing to be done for 'all'.
make[2]: Leaving directory '/build/upower-nosystemd-pmutils/src/upower-0.9.23/etc'
Making all in libupower-glib
make[2]: Entering directory '/build/upower-nosystemd-pmutils/src/upower-0.9.23/libupower-glib'
  CC       libupower_glib_la-up-types.lo
  CC       libupower_glib_la-up-client.lo
  CC       libupower_glib_la-up-qos-item.lo
  CC       libupower_glib_la-up-wakeup-item.lo
  CC       libupower_glib_la-up-wakeups.lo
  CC       libupower_glib_la-up-stats-item.lo
  CC       libupower_glib_la-up-history-item.lo
  CC       libupower_glib_la-up-device.lo
  CCLD     libupower-glib.la
  GISCAN   UPowerGlib-1.0.gir
up-version.h:22: Warning: UPowerGlib: multiple comment blocks documenting 'SECTION:up-version:' identifier (already seen at up-version.h:22).
  GICOMP   UPowerGlib-1.0.gir
make[2]: Leaving directory '/build/upower-nosystemd-pmutils/src/upower-0.9.23/libupower-glib'
Making all in src
make[2]: Entering directory '/build/upower-nosystemd-pmutils/src/upower-0.9.23/src'
make  all-recursive
make[3]: Entering directory '/build/upower-nosystemd-pmutils/src/upower-0.9.23/src'
Making all in dummy
make[4]: Entering directory '/build/upower-nosystemd-pmutils/src/upower-0.9.23/src/dummy'
  CC       libuptest_la-up-backend.lo
  CC       libuptest_la-up-native.lo
  CCLD     libuptest.la
make[4]: Leaving directory '/build/upower-nosystemd-pmutils/src/upower-0.9.23/src/dummy'
Making all in freebsd
make[4]: Entering directory '/build/upower-nosystemd-pmutils/src/upower-0.9.23/src/freebsd'
make[4]: Nothing to be done for 'all'.
make[4]: Leaving directory '/build/upower-nosystemd-pmutils/src/upower-0.9.23/src/freebsd'
Making all in linux
make[4]: Entering directory '/build/upower-nosystemd-pmutils/src/upower-0.9.23/src/linux'
  CC       libupshared_la-up-device-supply.lo
  CC       libupshared_la-up-device-wup.lo
  CC       libupshared_la-up-device-hid.lo
  CC       libupshared_la-up-device-unifying.lo
  CC       libupshared_la-up-device-csr.lo
  CC       libupshared_la-up-input.lo
  CC       libupshared_la-up-dock.lo
  CC       libupshared_la-up-backend.lo
  CC       libupshared_la-up-native.lo
  CC       libupshared_la-hidpp-device.lo
  CC       libupshared_la-sysfs-utils.lo
  CC       libupshared_la-up-device-idevice.lo
  CC       hidpp_test-hidpp-device.o
  CC       hidpp_test-hidpp-test.o
  CCLD     libupshared.la
  CCLD     hidpp-test
make[4]: Leaving directory '/build/upower-nosystemd-pmutils/src/upower-0.9.23/src/linux'
Making all in openbsd
make[4]: Entering directory '/build/upower-nosystemd-pmutils/src/upower-0.9.23/src/openbsd'
make[4]: Nothing to be done for 'all'.
make[4]: Leaving directory '/build/upower-nosystemd-pmutils/src/upower-0.9.23/src/openbsd'
make[4]: Entering directory '/build/upower-nosystemd-pmutils/src/upower-0.9.23/src'
  CC       upowerd-up-polkit.o
  CC       upowerd-up-daemon.o
  CC       upowerd-up-qos.o
  CC       upowerd-up-device-list.o
  CC       upowerd-up-device.o
  CC       upowerd-up-config.o
  CC       upowerd-up-kbd-backlight.o
  CC       upowerd-up-history.o
  CC       upowerd-up-wakeups.o
  CC       upowerd-up-main.o
  CC       upowerd-up-marshal.o
cp org.freedesktop.UPower.conf.in org.freedesktop.UPower.conf
  CCLD     upowerd
make[4]: Leaving directory '/build/upower-nosystemd-pmutils/src/upower-0.9.23/src'
make[3]: Leaving directory '/build/upower-nosystemd-pmutils/src/upower-0.9.23/src'
make[2]: Leaving directory '/build/upower-nosystemd-pmutils/src/upower-0.9.23/src'
Making all in doc
make[2]: Entering directory '/build/upower-nosystemd-pmutils/src/upower-0.9.23/doc'
Making all in man
make[3]: Entering directory '/build/upower-nosystemd-pmutils/src/upower-0.9.23/doc/man'
/usr/bin/xsltproc -nonet http://docbook.sourceforge.net/release/xsl/current/manpages/docbook.xsl upower.xml
/usr/bin/xsltproc -nonet http://docbook.sourceforge.net/release/xsl/current/manpages/docbook.xsl upowerd.xml
/usr/bin/xsltproc -nonet http://docbook.sourceforge.net/release/xsl/current/manpages/docbook.xsl UPower.xml
Note: Writing upower.1
Note: Writing upowerd.8
Note: Writing UPower.7
make[3]: Leaving directory '/build/upower-nosystemd-pmutils/src/upower-0.9.23/doc/man'
Making all in dbus
make[3]: Entering directory '/build/upower-nosystemd-pmutils/src/upower-0.9.23/doc/dbus'
echo "<?xml version=\"1.0\"?>""<!DOCTYPE refentry PUBLIC \"-//OASIS//DTD DocBook XML V4.1.2//EN\" \"http://www.oasis-open.org/docbook/xml/4.1.2/docbookx.dtd\">" > org.freedesktop.UPower.Wakeups.ref.xml
/usr/bin/xsltproc ../../doc/dbus/spec-to-docbook.xsl ../../src/org.freedesktop.UPower.Wakeups.xml | tail -n +2 >> org.freedesktop.UPower.Wakeups.ref.xml
make[3]: Leaving directory '/build/upower-nosystemd-pmutils/src/upower-0.9.23/doc/dbus'
make[3]: Entering directory '/build/upower-nosystemd-pmutils/src/upower-0.9.23/doc'
make[3]: Nothing to be done for 'all-am'.
make[3]: Leaving directory '/build/upower-nosystemd-pmutils/src/upower-0.9.23/doc'
make[2]: Leaving directory '/build/upower-nosystemd-pmutils/src/upower-0.9.23/doc'
Making all in tools
make[2]: Entering directory '/build/upower-nosystemd-pmutils/src/upower-0.9.23/tools'
  CC       upower-up-tool.o
  CCLD     upower
make[2]: Leaving directory '/build/upower-nosystemd-pmutils/src/upower-0.9.23/tools'
Making all in policy
make[2]: Entering directory '/build/upower-nosystemd-pmutils/src/upower-0.9.23/policy'
  ITMRG  org.freedesktop.upower.policy
  ITMRG  org.freedesktop.upower.qos.policy
make[2]: Leaving directory '/build/upower-nosystemd-pmutils/src/upower-0.9.23/policy'
Making all in po
make[2]: Entering directory '/build/upower-nosystemd-pmutils/src/upower-0.9.23/po'
  MSGFMT fr.gmo
  MSGFMT it.gmo
  MSGFMT sv.gmo
  MSGFMT pl.gmo
make[2]: Leaving directory '/build/upower-nosystemd-pmutils/src/upower-0.9.23/po'
Making all in rules
make[2]: Entering directory '/build/upower-nosystemd-pmutils/src/upower-0.9.23/rules'
make[2]: Nothing to be done for 'all'.
make[2]: Leaving directory '/build/upower-nosystemd-pmutils/src/upower-0.9.23/rules'
make[2]: Entering directory '/build/upower-nosystemd-pmutils/src/upower-0.9.23'
make[2]: Leaving directory '/build/upower-nosystemd-pmutils/src/upower-0.9.23'
make[1]: Leaving directory '/build/upower-nosystemd-pmutils/src/upower-0.9.23'
