make -C src install
make[1]: Entering directory '/build/sysvinit/src/sysvinit-2.88dsf/src'
install -m 755 -d /build/sysvinit/pkg/sysvinit/__temp__/bin/ /build/sysvinit/pkg/sysvinit/__temp__/sbin/
install -m 755 -d /build/sysvinit/pkg/sysvinit/__temp__/usr/bin/
for i in ; do \
		install -o root -g root -m 755 $i /build/sysvinit/pkg/sysvinit/__temp__/bin/ ; \
	done
for i in init halt shutdown runlevel killall5 fstab-decode bootlogd; do \
		install -o root -g root -m 755 $i /build/sysvinit/pkg/sysvinit/__temp__/sbin/ ; \
	done
for i in last mesg utmpdump wall; do \
		install -o root -g root -m 755 $i /build/sysvinit/pkg/sysvinit/__temp__/usr/bin/ ; \
	done
# install -m 755 -d /build/sysvinit/pkg/sysvinit/__temp__/etc/
# install -o root -g root -m 755 initscript.sample /build/sysvinit/pkg/sysvinit/__temp__/etc/
ln -sf halt /build/sysvinit/pkg/sysvinit/__temp__/sbin/reboot
ln -sf halt /build/sysvinit/pkg/sysvinit/__temp__/sbin/poweroff
ln -sf init /build/sysvinit/pkg/sysvinit/__temp__/sbin/telinit
ln -sf /sbin/killall5 /build/sysvinit/pkg/sysvinit/__temp__/bin/pidof
if [ ! -f /build/sysvinit/pkg/sysvinit/__temp__/usr/bin/lastb ]; then \
		ln -sf last /build/sysvinit/pkg/sysvinit/__temp__/usr/bin/lastb; \
	fi
install -m 755 -d /build/sysvinit/pkg/sysvinit/__temp__/usr/include/
install -o root -g root -m 644 initreq.h /build/sysvinit/pkg/sysvinit/__temp__/usr/include/
install -m 755 -d /build/sysvinit/pkg/sysvinit/__temp__/usr/share/man/man1/
install -m 755 -d /build/sysvinit/pkg/sysvinit/__temp__/usr/share/man/man5/
install -m 755 -d /build/sysvinit/pkg/sysvinit/__temp__/usr/share/man/man8/
for i in last.1 lastb.1 mesg.1 utmpdump.1 wall.1; do \
		install -o root -g root -m 644 ../man/$i /build/sysvinit/pkg/sysvinit/__temp__/usr/share/man/man1/; \
	done
for i in initscript.5 inittab.5; do \
		install -o root -g root -m 644 ../man/$i /build/sysvinit/pkg/sysvinit/__temp__/usr/share/man/man5/; \
	done
for i in halt.8 init.8 killall5.8 pidof.8 poweroff.8 reboot.8 runlevel.8 shutdown.8 telinit.8 fstab-decode.8 bootlogd.8; do \
		install -o root -g root -m 644 ../man/$i /build/sysvinit/pkg/sysvinit/__temp__/usr/share/man/man8/; \
	done
make[1]: Leaving directory '/build/sysvinit/src/sysvinit-2.88dsf/src'
