This file contains any messages produced by compilers while
running configure, to aid debugging if configure makes a mistake.

It was created by upower configure 0.99.0, which was
generated by GNU Autoconf 2.69.  Invocation command line was

  $ ./configure --prefix=/usr --sysconfdir=/etc --localstatedir=/var --libexecdir=/usr/lib/upower --disable-static --enable-deprecated

## --------- ##
## Platform. ##
## --------- ##

hostname = localhost
uname -m = x86_64
uname -r = 3.14.4-1-custom
uname -s = Linux
uname -v = #1 SMP PREEMPT Thu May 29 13:25:20 CEST 2014

/usr/bin/uname -p = unknown
/bin/uname -X     = unknown

/bin/arch              = unknown
/usr/bin/arch -k       = unknown
/usr/convex/getsysinfo = unknown
/usr/bin/hostinfo      = unknown
/bin/machine           = unknown
/usr/bin/oslevel       = unknown
/bin/universe          = unknown

PATH: /usr/local/sbin
PATH: /usr/local/bin
PATH: /usr/bin
PATH: /usr/bin/vendor_perl
PATH: /usr/bin/core_perl


## ----------- ##
## Core tests. ##
## ----------- ##

configure:2412: checking for a BSD-compatible install
configure:2480: result: /usr/bin/install -c
configure:2491: checking whether build environment is sane
configure:2546: result: yes
configure:2697: checking for a thread-safe mkdir -p
configure:2736: result: /usr/bin/mkdir -p
configure:2743: checking for gawk
configure:2759: found /usr/bin/gawk
configure:2770: result: gawk
configure:2781: checking whether make sets $(MAKE)
configure:2803: result: yes
configure:2832: checking whether make supports nested variables
configure:2849: result: yes
configure:2938: checking whether UID '1000' is supported by ustar format
configure:2941: result: yes
configure:2948: checking whether GID '100' is supported by ustar format
configure:2951: result: yes
configure:2959: checking how to create a ustar tar archive
configure:2970: tar --version
tar (GNU tar) 1.27.1
Copyright (C) 2013 Free Software Foundation, Inc.
License GPLv3+: GNU GPL version 3 or later <http://gnu.org/licenses/gpl.html>.
This is free software: you are free to change and redistribute it.
There is NO WARRANTY, to the extent permitted by law.

Written by John Gilmore and Jay Fenlason.
configure:2973: $? = 0
configure:3013: tardir=conftest.dir && eval tar --format=ustar -chf - "$tardir" >conftest.tar
configure:3016: $? = 0
configure:3020: tar -xf - <conftest.tar
configure:3023: $? = 0
configure:3025: cat conftest.dir/file
GrepMe
configure:3028: $? = 0
configure:3041: result: gnutar
configure:3050: checking whether to enable maintainer-specific portions of Makefiles
configure:3059: result: yes
configure:3085: checking whether make supports nested variables
configure:3102: result: yes
configure:3168: checking for pkg-config
configure:3186: found /usr/bin/pkg-config
configure:3198: result: /usr/bin/pkg-config
configure:3223: checking pkg-config is at least version 0.9.0
configure:3226: result: yes
configure:3245: checking for gobject-introspection
configure:3276: $PKG_CONFIG --exists --print-errors "gobject-introspection-1.0 >= 0.9.9"
configure:3279: $? = 0
configure:3291: result: yes
configure:3402: checking for gcc
configure:3418: found /usr/bin/gcc
configure:3429: result: gcc
configure:3658: checking for C compiler version
configure:3667: gcc --version >&5
gcc (GCC) 4.9.0 20140521 (prerelease)
Copyright (C) 2014 Free Software Foundation, Inc.
This is free software; see the source for copying conditions.  There is NO
warranty; not even for MERCHANTABILITY or FITNESS FOR A PARTICULAR PURPOSE.

configure:3678: $? = 0
configure:3667: gcc -v >&5
Using built-in specs.
COLLECT_GCC=gcc
COLLECT_LTO_WRAPPER=/usr/lib/gcc/x86_64-unknown-linux-gnu/4.9.0/lto-wrapper
Target: x86_64-unknown-linux-gnu
Configured with: /build/gcc/src/gcc-4.9-20140521/configure --prefix=/usr --libdir=/usr/lib --libexecdir=/usr/lib --mandir=/usr/share/man --infodir=/usr/share/info --with-bugurl=https://bugs.archlinux.org/ --enable-languages=c,c++,ada,fortran,go,lto,objc,obj-c++ --enable-shared --enable-threads=posix --with-system-zlib --enable-__cxa_atexit --disable-libunwind-exceptions --enable-clocale=gnu --disable-libstdcxx-pch --disable-libssp --enable-gnu-unique-object --enable-linker-build-id --enable-cloog-backend=isl --disable-cloog-version-check --enable-lto --enable-plugin --enable-install-libiberty --with-linker-hash-style=gnu --disable-multilib --disable-werror --enable-checking=release
Thread model: posix
gcc version 4.9.0 20140521 (prerelease) (GCC) 
configure:3678: $? = 0
configure:3667: gcc -V >&5
gcc: error: unrecognized command line option '-V'
gcc: fatal error: no input files
compilation terminated.
configure:3678: $? = 1
configure:3667: gcc -qversion >&5
gcc: error: unrecognized command line option '-qversion'
gcc: fatal error: no input files
compilation terminated.
configure:3678: $? = 1
configure:3698: checking whether the C compiler works
configure:3720: gcc -march=x86-64 -mtune=generic -O2 -pipe -fstack-protector-strong --param=ssp-buffer-size=4 -D_FORTIFY_SOURCE=2 -Wl,-O1,--sort-common,--as-needed,-z,relro conftest.c  >&5
configure:3724: $? = 0
configure:3772: result: yes
configure:3775: checking for C compiler default output file name
configure:3777: result: a.out
configure:3783: checking for suffix of executables
configure:3790: gcc -o conftest -march=x86-64 -mtune=generic -O2 -pipe -fstack-protector-strong --param=ssp-buffer-size=4 -D_FORTIFY_SOURCE=2 -Wl,-O1,--sort-common,--as-needed,-z,relro conftest.c  >&5
configure:3794: $? = 0
configure:3816: result: 
configure:3838: checking whether we are cross compiling
configure:3846: gcc -o conftest -march=x86-64 -mtune=generic -O2 -pipe -fstack-protector-strong --param=ssp-buffer-size=4 -D_FORTIFY_SOURCE=2 -Wl,-O1,--sort-common,--as-needed,-z,relro conftest.c  >&5
configure:3850: $? = 0
configure:3857: ./conftest
configure:3861: $? = 0
configure:3876: result: no
configure:3881: checking for suffix of object files
configure:3903: gcc -c -march=x86-64 -mtune=generic -O2 -pipe -fstack-protector-strong --param=ssp-buffer-size=4 -D_FORTIFY_SOURCE=2 conftest.c >&5
configure:3907: $? = 0
configure:3928: result: o
configure:3932: checking whether we are using the GNU C compiler
configure:3951: gcc -c -march=x86-64 -mtune=generic -O2 -pipe -fstack-protector-strong --param=ssp-buffer-size=4 -D_FORTIFY_SOURCE=2 conftest.c >&5
configure:3951: $? = 0
configure:3960: result: yes
configure:3969: checking whether gcc accepts -g
configure:3989: gcc -c -g -D_FORTIFY_SOURCE=2 conftest.c >&5
configure:3989: $? = 0
configure:4030: result: yes
configure:4047: checking for gcc option to accept ISO C89
configure:4110: gcc  -c -march=x86-64 -mtune=generic -O2 -pipe -fstack-protector-strong --param=ssp-buffer-size=4 -D_FORTIFY_SOURCE=2 conftest.c >&5
configure:4110: $? = 0
configure:4123: result: none needed
configure:4154: checking for style of include used by make
configure:4182: result: GNU
configure:4208: checking dependency style of gcc
configure:4319: result: gcc3
configure:4335: checking whether gcc and cc understand -c and -o together
configure:4366: gcc -c conftest.c -o conftest2.o >&5
configure:4370: $? = 0
configure:4376: gcc -c conftest.c -o conftest2.o >&5
configure:4380: $? = 0
configure:4391: cc -c conftest.c >&5
configure:4395: $? = 0
configure:4403: cc -c conftest.c -o conftest2.o >&5
configure:4407: $? = 0
configure:4413: cc -c conftest.c -o conftest2.o >&5
configure:4417: $? = 0
configure:4435: result: yes
configure:4466: checking how to run the C preprocessor
configure:4497: gcc -E -D_FORTIFY_SOURCE=2 conftest.c
In file included from /usr/include/limits.h:25:0,
                 from /usr/lib/gcc/x86_64-unknown-linux-gnu/4.9.0/include-fixed/limits.h:168,
                 from /usr/lib/gcc/x86_64-unknown-linux-gnu/4.9.0/include-fixed/syslimits.h:7,
                 from /usr/lib/gcc/x86_64-unknown-linux-gnu/4.9.0/include-fixed/limits.h:34,
                 from conftest.c:12:
/usr/include/features.h:341:4: warning: #warning _FORTIFY_SOURCE requires compiling with optimization (-O) [-Wcpp]
 #  warning _FORTIFY_SOURCE requires compiling with optimization (-O)
    ^
configure:4497: $? = 0
configure:4511: gcc -E -D_FORTIFY_SOURCE=2 conftest.c
conftest.c:11:28: fatal error: ac_nonexistent.h: No such file or directory
 #include <ac_nonexistent.h>
                            ^
compilation terminated.
configure:4511: $? = 1
configure: failed program was:
| /* confdefs.h */
| #define PACKAGE_NAME "upower"
| #define PACKAGE_TARNAME "upower"
| #define PACKAGE_VERSION "0.99.0"
| #define PACKAGE_STRING "upower 0.99.0"
| #define PACKAGE_BUGREPORT "https://bugs.freedesktop.org/enter_bug.cgi?product=upower"
| #define PACKAGE_URL "http://upower.freedesktop.org/"
| #define PACKAGE "upower"
| #define VERSION "0.99.0"
| /* end confdefs.h.  */
| #include <ac_nonexistent.h>
configure:4536: result: gcc -E
configure:4556: gcc -E -D_FORTIFY_SOURCE=2 conftest.c
In file included from /usr/include/limits.h:25:0,
                 from /usr/lib/gcc/x86_64-unknown-linux-gnu/4.9.0/include-fixed/limits.h:168,
                 from /usr/lib/gcc/x86_64-unknown-linux-gnu/4.9.0/include-fixed/syslimits.h:7,
                 from /usr/lib/gcc/x86_64-unknown-linux-gnu/4.9.0/include-fixed/limits.h:34,
                 from conftest.c:12:
/usr/include/features.h:341:4: warning: #warning _FORTIFY_SOURCE requires compiling with optimization (-O) [-Wcpp]
 #  warning _FORTIFY_SOURCE requires compiling with optimization (-O)
    ^
configure:4556: $? = 0
configure:4570: gcc -E -D_FORTIFY_SOURCE=2 conftest.c
conftest.c:11:28: fatal error: ac_nonexistent.h: No such file or directory
 #include <ac_nonexistent.h>
                            ^
compilation terminated.
configure:4570: $? = 1
configure: failed program was:
| /* confdefs.h */
| #define PACKAGE_NAME "upower"
| #define PACKAGE_TARNAME "upower"
| #define PACKAGE_VERSION "0.99.0"
| #define PACKAGE_STRING "upower 0.99.0"
| #define PACKAGE_BUGREPORT "https://bugs.freedesktop.org/enter_bug.cgi?product=upower"
| #define PACKAGE_URL "http://upower.freedesktop.org/"
| #define PACKAGE "upower"
| #define VERSION "0.99.0"
| /* end confdefs.h.  */
| #include <ac_nonexistent.h>
configure:4599: checking for grep that handles long lines and -e
configure:4657: result: /usr/bin/grep
configure:4662: checking for egrep
configure:4724: result: /usr/bin/grep -E
configure:4729: checking for ANSI C header files
configure:4749: gcc -c -march=x86-64 -mtune=generic -O2 -pipe -fstack-protector-strong --param=ssp-buffer-size=4 -D_FORTIFY_SOURCE=2 conftest.c >&5
configure:4749: $? = 0
In file included from /usr/include/string.h:25:0,
                 from conftest.c:11:
/usr/include/features.h:341:4: warning: #warning _FORTIFY_SOURCE requires compiling with optimization (-O) [-Wcpp]
 #  warning _FORTIFY_SOURCE requires compiling with optimization (-O)
    ^
In file included from /usr/include/stdlib.h:24:0,
                 from conftest.c:11:
/usr/include/features.h:341:4: warning: #warning _FORTIFY_SOURCE requires compiling with optimization (-O) [-Wcpp]
 #  warning _FORTIFY_SOURCE requires compiling with optimization (-O)
    ^
configure:4822: gcc -o conftest -march=x86-64 -mtune=generic -O2 -pipe -fstack-protector-strong --param=ssp-buffer-size=4 -D_FORTIFY_SOURCE=2 -Wl,-O1,--sort-common,--as-needed,-z,relro conftest.c  >&5
configure:4822: $? = 0
configure:4822: ./conftest
configure:4822: $? = 0
configure:4833: result: yes
configure:4841: checking whether make sets $(MAKE)
configure:4863: result: yes
configure:4872: checking whether ln -s works
configure:4876: result: yes
configure:4890: checking for special C compiler options needed for large files
configure:4935: result: no
configure:4941: checking for _FILE_OFFSET_BITS value needed for large files
configure:4966: gcc -c -march=x86-64 -mtune=generic -O2 -pipe -fstack-protector-strong --param=ssp-buffer-size=4 -D_FORTIFY_SOURCE=2 conftest.c >&5
configure:4966: $? = 0
configure:4998: result: no
configure:5114: checking build system type
configure:5128: result: x86_64-unknown-linux-gnu
configure:5148: checking host system type
configure:5161: result: x86_64-unknown-linux-gnu
configure:5202: checking how to print strings
configure:5229: result: printf
configure:5250: checking for a sed that does not truncate output
configure:5314: result: /usr/bin/sed
configure:5332: checking for fgrep
configure:5394: result: /usr/bin/grep -F
configure:5429: checking for ld used by gcc
configure:5496: result: /usr/bin/ld
configure:5503: checking if the linker (/usr/bin/ld) is GNU ld
configure:5518: result: yes
configure:5530: checking for BSD- or MS-compatible name lister (nm)
configure:5579: result: /usr/bin/nm -B
configure:5709: checking the name lister (/usr/bin/nm -B) interface
configure:5716: gcc -c -march=x86-64 -mtune=generic -O2 -pipe -fstack-protector-strong --param=ssp-buffer-size=4 -D_FORTIFY_SOURCE=2 conftest.c >&5
configure:5719: /usr/bin/nm -B "conftest.o"
configure:5722: output
0000000000000000 B some_variable
configure:5729: result: BSD nm
configure:5733: checking the maximum length of command line arguments
configure:5863: result: 1572864
configure:5880: checking whether the shell understands some XSI constructs
configure:5890: result: yes
configure:5894: checking whether the shell understands "+="
configure:5900: result: yes
configure:5935: checking how to convert x86_64-unknown-linux-gnu file names to x86_64-unknown-linux-gnu format
configure:5975: result: func_convert_file_noop
configure:5982: checking how to convert x86_64-unknown-linux-gnu file names to toolchain format
configure:6002: result: func_convert_file_noop
configure:6009: checking for /usr/bin/ld option to reload object files
configure:6016: result: -r
configure:6090: checking for objdump
configure:6106: found /usr/bin/objdump
configure:6117: result: objdump
configure:6149: checking how to recognize dependent libraries
configure:6351: result: pass_all
configure:6436: checking for dlltool
configure:6466: result: no
configure:6496: checking how to associate runtime and link libraries
configure:6523: result: printf %s\n
configure:6583: checking for ar
configure:6599: found /usr/bin/ar
configure:6610: result: ar
configure:6647: checking for archiver @FILE support
configure:6664: gcc -c -march=x86-64 -mtune=generic -O2 -pipe -fstack-protector-strong --param=ssp-buffer-size=4 -D_FORTIFY_SOURCE=2 conftest.c >&5
configure:6664: $? = 0
configure:6667: ar cru libconftest.a @conftest.lst >&5
configure:6670: $? = 0
configure:6675: ar cru libconftest.a @conftest.lst >&5
ar: conftest.o: No such file or directory
configure:6678: $? = 1
configure:6690: result: @
configure:6748: checking for strip
configure:6764: found /usr/bin/strip
configure:6775: result: strip
configure:6847: checking for ranlib
configure:6863: found /usr/bin/ranlib
configure:6874: result: ranlib
configure:6976: checking command to parse /usr/bin/nm -B output from gcc object
configure:7096: gcc -c -march=x86-64 -mtune=generic -O2 -pipe -fstack-protector-strong --param=ssp-buffer-size=4 -D_FORTIFY_SOURCE=2 conftest.c >&5
configure:7099: $? = 0
configure:7103: /usr/bin/nm -B conftest.o \| sed -n -e 's/^.*[ ]\([ABCDGIRSTW][ABCDGIRSTW]*\)[ ][ ]*\([_A-Za-z][_A-Za-z0-9]*\)$/\1 \2 \2/p' | sed '/ __gnu_lto/d' \> conftest.nm
configure:7106: $? = 0
configure:7172: gcc -o conftest -march=x86-64 -mtune=generic -O2 -pipe -fstack-protector-strong --param=ssp-buffer-size=4 -D_FORTIFY_SOURCE=2 -Wl,-O1,--sort-common,--as-needed,-z,relro conftest.c conftstm.o >&5
configure:7175: $? = 0
configure:7213: result: ok
configure:7250: checking for sysroot
configure:7280: result: no
configure:7357: gcc -c -march=x86-64 -mtune=generic -O2 -pipe -fstack-protector-strong --param=ssp-buffer-size=4 -D_FORTIFY_SOURCE=2 conftest.c >&5
configure:7360: $? = 0
configure:7536: checking for mt
configure:7566: result: no
configure:7586: checking if : is a manifest tool
configure:7592: : '-?'
configure:7600: result: no
configure:8242: checking for sys/types.h
configure:8242: gcc -c -march=x86-64 -mtune=generic -O2 -pipe -fstack-protector-strong --param=ssp-buffer-size=4 -D_FORTIFY_SOURCE=2 conftest.c >&5
configure:8242: $? = 0
configure:8242: result: yes
configure:8242: checking for sys/stat.h
configure:8242: gcc -c -march=x86-64 -mtune=generic -O2 -pipe -fstack-protector-strong --param=ssp-buffer-size=4 -D_FORTIFY_SOURCE=2 conftest.c >&5
configure:8242: $? = 0
configure:8242: result: yes
configure:8242: checking for stdlib.h
configure:8242: gcc -c -march=x86-64 -mtune=generic -O2 -pipe -fstack-protector-strong --param=ssp-buffer-size=4 -D_FORTIFY_SOURCE=2 conftest.c >&5
configure:8242: $? = 0
configure:8242: result: yes
configure:8242: checking for string.h
configure:8242: gcc -c -march=x86-64 -mtune=generic -O2 -pipe -fstack-protector-strong --param=ssp-buffer-size=4 -D_FORTIFY_SOURCE=2 conftest.c >&5
configure:8242: $? = 0
configure:8242: result: yes
configure:8242: checking for memory.h
configure:8242: gcc -c -march=x86-64 -mtune=generic -O2 -pipe -fstack-protector-strong --param=ssp-buffer-size=4 -D_FORTIFY_SOURCE=2 conftest.c >&5
configure:8242: $? = 0
configure:8242: result: yes
configure:8242: checking for strings.h
configure:8242: gcc -c -march=x86-64 -mtune=generic -O2 -pipe -fstack-protector-strong --param=ssp-buffer-size=4 -D_FORTIFY_SOURCE=2 conftest.c >&5
configure:8242: $? = 0
configure:8242: result: yes
configure:8242: checking for inttypes.h
configure:8242: gcc -c -march=x86-64 -mtune=generic -O2 -pipe -fstack-protector-strong --param=ssp-buffer-size=4 -D_FORTIFY_SOURCE=2 conftest.c >&5
configure:8242: $? = 0
configure:8242: result: yes
configure:8242: checking for stdint.h
configure:8242: gcc -c -march=x86-64 -mtune=generic -O2 -pipe -fstack-protector-strong --param=ssp-buffer-size=4 -D_FORTIFY_SOURCE=2 conftest.c >&5
configure:8242: $? = 0
configure:8242: result: yes
configure:8242: checking for unistd.h
configure:8242: gcc -c -march=x86-64 -mtune=generic -O2 -pipe -fstack-protector-strong --param=ssp-buffer-size=4 -D_FORTIFY_SOURCE=2 conftest.c >&5
configure:8242: $? = 0
configure:8242: result: yes
configure:8256: checking for dlfcn.h
configure:8256: gcc -c -march=x86-64 -mtune=generic -O2 -pipe -fstack-protector-strong --param=ssp-buffer-size=4 -D_FORTIFY_SOURCE=2 conftest.c >&5
configure:8256: $? = 0
configure:8256: result: yes
configure:8462: checking for objdir
configure:8477: result: .libs
configure:8748: checking if gcc supports -fno-rtti -fno-exceptions
configure:8766: gcc -c -march=x86-64 -mtune=generic -O2 -pipe -fstack-protector-strong --param=ssp-buffer-size=4 -D_FORTIFY_SOURCE=2 -fno-rtti -fno-exceptions conftest.c >&5
cc1: warning: command line option '-fno-rtti' is valid for C++/ObjC++ but not for C
configure:8770: $? = 0
configure:8783: result: no
configure:9110: checking for gcc option to produce PIC
configure:9117: result: -fPIC -DPIC
configure:9125: checking if gcc PIC flag -fPIC -DPIC works
configure:9143: gcc -c -march=x86-64 -mtune=generic -O2 -pipe -fstack-protector-strong --param=ssp-buffer-size=4 -D_FORTIFY_SOURCE=2 -fPIC -DPIC -DPIC conftest.c >&5
configure:9147: $? = 0
configure:9160: result: yes
configure:9189: checking if gcc static flag -static works
configure:9217: result: yes
configure:9232: checking if gcc supports -c -o file.o
configure:9253: gcc -c -march=x86-64 -mtune=generic -O2 -pipe -fstack-protector-strong --param=ssp-buffer-size=4 -D_FORTIFY_SOURCE=2 -o out/conftest2.o conftest.c >&5
configure:9257: $? = 0
configure:9279: result: yes
configure:9287: checking if gcc supports -c -o file.o
configure:9334: result: yes
configure:9367: checking whether the gcc linker (/usr/bin/ld -m elf_x86_64) supports shared libraries
configure:10520: result: yes
configure:10557: checking whether -lc should be explicitly linked in
configure:10565: gcc -c -march=x86-64 -mtune=generic -O2 -pipe -fstack-protector-strong --param=ssp-buffer-size=4 -D_FORTIFY_SOURCE=2 conftest.c >&5
configure:10568: $? = 0
configure:10583: gcc -shared  -fPIC -DPIC conftest.o  -v -Wl,-soname -Wl,conftest -o conftest 2\>\&1 \| /usr/bin/grep  -lc  \>/dev/null 2\>\&1
configure:10586: $? = 0
configure:10600: result: no
configure:10760: checking dynamic linker characteristics
configure:11271: gcc -o conftest -march=x86-64 -mtune=generic -O2 -pipe -fstack-protector-strong --param=ssp-buffer-size=4 -D_FORTIFY_SOURCE=2 -Wl,-O1,--sort-common,--as-needed,-z,relro -Wl,-rpath -Wl,/foo conftest.c  >&5
configure:11271: $? = 0
configure:11497: result: GNU/Linux ld.so
configure:11604: checking how to hardcode library paths into programs
configure:11629: result: immediate
configure:12169: checking whether stripping libraries is possible
configure:12174: result: yes
configure:12209: checking if libtool supports shared libraries
configure:12211: result: yes
configure:12214: checking whether to build shared libraries
configure:12235: result: yes
configure:12238: checking whether to build static libraries
configure:12242: result: no
configure:12313: checking for xsltproc
configure:12331: found /usr/bin/xsltproc
configure:12343: result: /usr/bin/xsltproc
configure:12369: checking for gtkdoc-check
configure:12402: result: no
configure:12411: checking for gtkdoc-rebase
configure:12444: result: no
configure:12455: checking for gtkdoc-mkpdf
configure:12488: result: no
configure:12599: checking whether to build gtk-doc documentation
configure:12601: result: no
configure:12735: checking whether C compiler accepts -fPIE
configure:12754: gcc -c -march=x86-64 -mtune=generic -O2 -pipe -fstack-protector-strong --param=ssp-buffer-size=4  -fPIE -D_FORTIFY_SOURCE=2 -DG_DISABLE_SINGLE_INCLUDES -DGTK_DISABLE_SINGLE_INCLUDES -DG_DISABLE_DEPRECATED -DGTK_DISABLE_DEPRECATED -DGDK_DISABLE_DEPRECATED -DGDK_MULTIHEAD_SAFE -DGTK_MULTIHEAD_SAFE -DGSEAL_ENABLE conftest.c >&5
configure:12754: $? = 0
configure:12762: result: yes
configure:12765: checking whether the linker accepts -fPIE -pie
configure:12784: gcc -o conftest -march=x86-64 -mtune=generic -O2 -pipe -fstack-protector-strong --param=ssp-buffer-size=4 -D_FORTIFY_SOURCE=2 -DG_DISABLE_SINGLE_INCLUDES -DGTK_DISABLE_SINGLE_INCLUDES -DG_DISABLE_DEPRECATED -DGTK_DISABLE_DEPRECATED -DGDK_DISABLE_DEPRECATED -DGDK_MULTIHEAD_SAFE -DGTK_MULTIHEAD_SAFE -DGSEAL_ENABLE -Wl,-O1,--sort-common,--as-needed,-z,relro  -fPIE -pie conftest.c  >&5
configure:12784: $? = 0
configure:12793: result: yes
configure:12809: checking whether the linker accepts -Wl,-z,relro,-z,now
configure:12828: gcc -o conftest -march=x86-64 -mtune=generic -O2 -pipe -fstack-protector-strong --param=ssp-buffer-size=4 -D_FORTIFY_SOURCE=2 -DG_DISABLE_SINGLE_INCLUDES -DGTK_DISABLE_SINGLE_INCLUDES -DG_DISABLE_DEPRECATED -DGTK_DISABLE_DEPRECATED -DGDK_DISABLE_DEPRECATED -DGDK_MULTIHEAD_SAFE -DGTK_MULTIHEAD_SAFE -DGSEAL_ENABLE -Wl,-O1,--sort-common,--as-needed,-z,relro  -Wl,-z,relro,-z,now conftest.c  >&5
configure:12828: $? = 0
configure:12837: result: yes
configure:12849: checking for GLIB
configure:12856: $PKG_CONFIG --exists --print-errors "glib-2.0 >= 2.29.19"
configure:12859: $? = 0
configure:12873: $PKG_CONFIG --exists --print-errors "glib-2.0 >= 2.29.19"
configure:12876: $? = 0
configure:12934: result: yes
configure:12940: checking for DBUS
configure:12947: $PKG_CONFIG --exists --print-errors "dbus-1 >= 1.0"
configure:12950: $? = 0
configure:12964: $PKG_CONFIG --exists --print-errors "dbus-1 >= 1.0"
configure:12967: $? = 0
configure:13025: result: yes
configure:13031: checking for DBUS_GLIB
configure:13038: $PKG_CONFIG --exists --print-errors "dbus-glib-1 >= 0.76"
configure:13041: $? = 0
configure:13055: $PKG_CONFIG --exists --print-errors "dbus-glib-1 >= 0.76"
configure:13058: $? = 0
configure:13116: result: yes
configure:13122: checking for POLKIT
configure:13129: $PKG_CONFIG --exists --print-errors "polkit-gobject-1 >= 0.97"
configure:13132: $? = 0
configure:13146: $PKG_CONFIG --exists --print-errors "polkit-gobject-1 >= 0.97"
configure:13149: $? = 0
configure:13207: result: yes
configure:13213: checking for GIO
configure:13220: $PKG_CONFIG --exists --print-errors "gio-2.0 >= 2.16.1"
configure:13223: $? = 0
configure:13237: $PKG_CONFIG --exists --print-errors "gio-2.0 >= 2.16.1"
configure:13240: $? = 0
configure:13298: result: yes
configure:13304: checking for GIO_UNIX
configure:13311: $PKG_CONFIG --exists --print-errors "gio-unix-2.0"
configure:13314: $? = 0
configure:13328: $PKG_CONFIG --exists --print-errors "gio-unix-2.0"
configure:13331: $? = 0
configure:13389: result: yes
configure:13469: checking for GUDEV
configure:13476: $PKG_CONFIG --exists --print-errors "gudev-1.0 >= 147"
configure:13479: $? = 0
configure:13493: $PKG_CONFIG --exists --print-errors "gudev-1.0 >= 147"
configure:13496: $? = 0
configure:13554: result: yes
configure:13560: checking for USB
configure:13567: $PKG_CONFIG --exists --print-errors "libusb-1.0 >= 1.0.0"
configure:13570: $? = 0
configure:13584: $PKG_CONFIG --exists --print-errors "libusb-1.0 >= 1.0.0"
configure:13587: $? = 0
configure:13645: result: yes
configure:13660: checking for IDEVICE
configure:13667: $PKG_CONFIG --exists --print-errors "libimobiledevice-1.0 >= 0.9.7 libplist >= 0.12"
configure:13670: $? = 0
configure:13684: $PKG_CONFIG --exists --print-errors "libimobiledevice-1.0 >= 0.9.7 libplist >= 0.12"
configure:13687: $? = 0
configure:13725: result: yes
configure:13804: checking whether NLS is requested
configure:13813: result: yes
configure:13831: checking for intltool >= 0.40.0
configure:13833: result: 0.50.2 found
configure:13841: checking for intltool-update
configure:13859: found /usr/bin/intltool-update
configure:13871: result: /usr/bin/intltool-update
configure:13881: checking for intltool-merge
configure:13899: found /usr/bin/intltool-merge
configure:13911: result: /usr/bin/intltool-merge
configure:13921: checking for intltool-extract
configure:13939: found /usr/bin/intltool-extract
configure:13951: result: /usr/bin/intltool-extract
configure:14105: checking for xgettext
configure:14123: found /usr/bin/xgettext
configure:14135: result: /usr/bin/xgettext
configure:14145: checking for msgmerge
configure:14163: found /usr/bin/msgmerge
configure:14175: result: /usr/bin/msgmerge
configure:14185: checking for msgfmt
configure:14203: found /usr/bin/msgfmt
configure:14215: result: /usr/bin/msgfmt
configure:14225: checking for gmsgfmt
configure:14256: result: /usr/bin/msgfmt
configure:14276: checking for perl
configure:14294: found /usr/bin/perl
configure:14306: result: /usr/bin/perl
configure:14317: checking for perl >= 5.8.1
configure:14324: result: 5.18.2
configure:14328: checking for XML::Parser
configure:14331: result: ok
configure:14356: gcc -o conftest -march=x86-64 -mtune=generic -O2 -pipe -fstack-protector-strong --param=ssp-buffer-size=4 -D_FORTIFY_SOURCE=2 -DG_DISABLE_SINGLE_INCLUDES -DGTK_DISABLE_SINGLE_INCLUDES -DG_DISABLE_DEPRECATED -DGTK_DISABLE_DEPRECATED -DGDK_DISABLE_DEPRECATED -DGDK_MULTIHEAD_SAFE -DGTK_MULTIHEAD_SAFE -DGSEAL_ENABLE -Wl,--as-needed -Wl,-O1,--sort-common,--as-needed,-z,relro conftest.c  >&5
configure:14356: $? = 0
configure:14428: checking for msgfmt
configure:14460: result: /usr/bin/msgfmt
configure:14469: checking for gmsgfmt
configure:14500: result: /usr/bin/msgfmt
configure:14551: checking for xgettext
configure:14583: result: /usr/bin/xgettext
configure:14629: checking for msgmerge
configure:14660: result: /usr/bin/msgmerge
configure:14717: checking for ld used by GCC
configure:14781: result: /usr/bin/ld -m elf_x86_64
configure:14788: checking if the linker (/usr/bin/ld -m elf_x86_64) is GNU ld
configure:14801: result: yes
configure:14808: checking for shared library run path origin
configure:14821: result: done
configure:15322: checking for CFPreferencesCopyAppValue
configure:15340: gcc -o conftest -march=x86-64 -mtune=generic -O2 -pipe -fstack-protector-strong --param=ssp-buffer-size=4 -D_FORTIFY_SOURCE=2 -DG_DISABLE_SINGLE_INCLUDES -DGTK_DISABLE_SINGLE_INCLUDES -DG_DISABLE_DEPRECATED -DGTK_DISABLE_DEPRECATED -DGDK_DISABLE_DEPRECATED -DGDK_MULTIHEAD_SAFE -DGTK_MULTIHEAD_SAFE -DGSEAL_ENABLE -Wl,--as-needed -Wl,-O1,--sort-common,--as-needed,-z,relro conftest.c  -Wl,-framework -Wl,CoreFoundation >&5
conftest.c:26:42: fatal error: CoreFoundation/CFPreferences.h: No such file or directory
 #include <CoreFoundation/CFPreferences.h>
                                          ^
compilation terminated.
configure:15340: $? = 1
configure: failed program was:
| /* confdefs.h */
| #define PACKAGE_NAME "upower"
| #define PACKAGE_TARNAME "upower"
| #define PACKAGE_VERSION "0.99.0"
| #define PACKAGE_STRING "upower 0.99.0"
| #define PACKAGE_BUGREPORT "https://bugs.freedesktop.org/enter_bug.cgi?product=upower"
| #define PACKAGE_URL "http://upower.freedesktop.org/"
| #define PACKAGE "upower"
| #define VERSION "0.99.0"
| #define STDC_HEADERS 1
| #define HAVE_SYS_TYPES_H 1
| #define HAVE_SYS_STAT_H 1
| #define HAVE_STDLIB_H 1
| #define HAVE_STRING_H 1
| #define HAVE_MEMORY_H 1
| #define HAVE_STRINGS_H 1
| #define HAVE_INTTYPES_H 1
| #define HAVE_STDINT_H 1
| #define HAVE_UNISTD_H 1
| #define HAVE_DLFCN_H 1
| #define LT_OBJDIR ".libs/"
| #define ENABLE_DEPRECATED 1
| #define BACKEND "linux"
| #define HAVE_IDEVICE 1
| /* end confdefs.h.  */
| #include <CoreFoundation/CFPreferences.h>
| int
| main ()
| {
| CFPreferencesCopyAppValue(NULL, NULL)
|   ;
|   return 0;
| }
configure:15349: result: no
configure:15356: checking for CFLocaleCopyCurrent
configure:15374: gcc -o conftest -march=x86-64 -mtune=generic -O2 -pipe -fstack-protector-strong --param=ssp-buffer-size=4 -D_FORTIFY_SOURCE=2 -DG_DISABLE_SINGLE_INCLUDES -DGTK_DISABLE_SINGLE_INCLUDES -DG_DISABLE_DEPRECATED -DGTK_DISABLE_DEPRECATED -DGDK_DISABLE_DEPRECATED -DGDK_MULTIHEAD_SAFE -DGTK_MULTIHEAD_SAFE -DGSEAL_ENABLE -Wl,--as-needed -Wl,-O1,--sort-common,--as-needed,-z,relro conftest.c  -Wl,-framework -Wl,CoreFoundation >&5
conftest.c:26:37: fatal error: CoreFoundation/CFLocale.h: No such file or directory
 #include <CoreFoundation/CFLocale.h>
                                     ^
compilation terminated.
configure:15374: $? = 1
configure: failed program was:
| /* confdefs.h */
| #define PACKAGE_NAME "upower"
| #define PACKAGE_TARNAME "upower"
| #define PACKAGE_VERSION "0.99.0"
| #define PACKAGE_STRING "upower 0.99.0"
| #define PACKAGE_BUGREPORT "https://bugs.freedesktop.org/enter_bug.cgi?product=upower"
| #define PACKAGE_URL "http://upower.freedesktop.org/"
| #define PACKAGE "upower"
| #define VERSION "0.99.0"
| #define STDC_HEADERS 1
| #define HAVE_SYS_TYPES_H 1
| #define HAVE_SYS_STAT_H 1
| #define HAVE_STDLIB_H 1
| #define HAVE_STRING_H 1
| #define HAVE_MEMORY_H 1
| #define HAVE_STRINGS_H 1
| #define HAVE_INTTYPES_H 1
| #define HAVE_STDINT_H 1
| #define HAVE_UNISTD_H 1
| #define HAVE_DLFCN_H 1
| #define LT_OBJDIR ".libs/"
| #define ENABLE_DEPRECATED 1
| #define BACKEND "linux"
| #define HAVE_IDEVICE 1
| /* end confdefs.h.  */
| #include <CoreFoundation/CFLocale.h>
| int
| main ()
| {
| CFLocaleCopyCurrent();
|   ;
|   return 0;
| }
configure:15383: result: no
configure:15432: checking for GNU gettext in libc
configure:15452: gcc -o conftest -march=x86-64 -mtune=generic -O2 -pipe -fstack-protector-strong --param=ssp-buffer-size=4 -D_FORTIFY_SOURCE=2 -DG_DISABLE_SINGLE_INCLUDES -DGTK_DISABLE_SINGLE_INCLUDES -DG_DISABLE_DEPRECATED -DGTK_DISABLE_DEPRECATED -DGDK_DISABLE_DEPRECATED -DGDK_MULTIHEAD_SAFE -DGTK_MULTIHEAD_SAFE -DGSEAL_ENABLE -Wl,--as-needed -Wl,-O1,--sort-common,--as-needed,-z,relro conftest.c  >&5
configure:15452: $? = 0
configure:15461: result: yes
configure:16207: checking whether to use NLS
configure:16209: result: yes
configure:16212: checking where the gettext function comes from
configure:16223: result: libc
configure:16399: checking that generated files are newer than configure
configure:16405: result: done
configure:16500: creating ./config.status

## ---------------------- ##
## Running config.status. ##
## ---------------------- ##

This file was extended by upower config.status 0.99.0, which was
generated by GNU Autoconf 2.69.  Invocation command line was

  CONFIG_FILES    = 
  CONFIG_HEADERS  = 
  CONFIG_LINKS    = 
  CONFIG_COMMANDS = 
  $ ./config.status 

on localhost

config.status:1270: creating Makefile
config.status:1270: creating upower-glib.pc
config.status:1270: creating etc/Makefile
config.status:1270: creating src/Makefile
config.status:1270: creating src/dummy/Makefile
config.status:1270: creating src/freebsd/Makefile
config.status:1270: creating src/openbsd/Makefile
config.status:1270: creating src/linux/Makefile
config.status:1270: creating tools/Makefile
config.status:1270: creating doc/Makefile
config.status:1270: creating doc/version.xml
config.status:1270: creating doc/man/Makefile
config.status:1270: creating doc/dbus/Makefile
config.status:1270: creating rules/Makefile
config.status:1270: creating libupower-glib/Makefile
config.status:1270: creating libupower-glib/up-version.h
config.status:1270: creating po/Makefile.in
config.status:1270: creating config.h
config.status:1499: executing depfiles commands
config.status:1499: executing libtool commands
config.status:1499: executing po-directories commands
config.status:1499: executing po/stamp-it commands

## ---------------- ##
## Cache variables. ##
## ---------------- ##

ac_cv_build=x86_64-unknown-linux-gnu
ac_cv_c_compiler_gnu=yes
ac_cv_env_CC_set=
ac_cv_env_CC_value=
ac_cv_env_CFLAGS_set=set
ac_cv_env_CFLAGS_value='-march=x86-64 -mtune=generic -O2 -pipe -fstack-protector-strong --param=ssp-buffer-size=4'
ac_cv_env_CPPFLAGS_set=set
ac_cv_env_CPPFLAGS_value=-D_FORTIFY_SOURCE=2
ac_cv_env_CPP_set=
ac_cv_env_CPP_value=
ac_cv_env_DBUS_CFLAGS_set=
ac_cv_env_DBUS_CFLAGS_value=
ac_cv_env_DBUS_GLIB_CFLAGS_set=
ac_cv_env_DBUS_GLIB_CFLAGS_value=
ac_cv_env_DBUS_GLIB_LIBS_set=
ac_cv_env_DBUS_GLIB_LIBS_value=
ac_cv_env_DBUS_LIBS_set=
ac_cv_env_DBUS_LIBS_value=
ac_cv_env_GIO_CFLAGS_set=
ac_cv_env_GIO_CFLAGS_value=
ac_cv_env_GIO_LIBS_set=
ac_cv_env_GIO_LIBS_value=
ac_cv_env_GIO_UNIX_CFLAGS_set=
ac_cv_env_GIO_UNIX_CFLAGS_value=
ac_cv_env_GIO_UNIX_LIBS_set=
ac_cv_env_GIO_UNIX_LIBS_value=
ac_cv_env_GLIB_CFLAGS_set=
ac_cv_env_GLIB_CFLAGS_value=
ac_cv_env_GLIB_LIBS_set=
ac_cv_env_GLIB_LIBS_value=
ac_cv_env_GTKDOC_DEPS_CFLAGS_set=
ac_cv_env_GTKDOC_DEPS_CFLAGS_value=
ac_cv_env_GTKDOC_DEPS_LIBS_set=
ac_cv_env_GTKDOC_DEPS_LIBS_value=
ac_cv_env_GUDEV_CFLAGS_set=
ac_cv_env_GUDEV_CFLAGS_value=
ac_cv_env_GUDEV_LIBS_set=
ac_cv_env_GUDEV_LIBS_value=
ac_cv_env_IDEVICE_CFLAGS_set=
ac_cv_env_IDEVICE_CFLAGS_value=
ac_cv_env_IDEVICE_LIBS_set=
ac_cv_env_IDEVICE_LIBS_value=
ac_cv_env_LDFLAGS_set=set
ac_cv_env_LDFLAGS_value=-Wl,-O1,--sort-common,--as-needed,-z,relro
ac_cv_env_LIBS_set=
ac_cv_env_LIBS_value=
ac_cv_env_PKG_CONFIG_LIBDIR_set=
ac_cv_env_PKG_CONFIG_LIBDIR_value=
ac_cv_env_PKG_CONFIG_PATH_set=
ac_cv_env_PKG_CONFIG_PATH_value=
ac_cv_env_PKG_CONFIG_set=
ac_cv_env_PKG_CONFIG_value=
ac_cv_env_POLKIT_CFLAGS_set=
ac_cv_env_POLKIT_CFLAGS_value=
ac_cv_env_POLKIT_LIBS_set=
ac_cv_env_POLKIT_LIBS_value=
ac_cv_env_USB_CFLAGS_set=
ac_cv_env_USB_CFLAGS_value=
ac_cv_env_USB_LIBS_set=
ac_cv_env_USB_LIBS_value=
ac_cv_env_build_alias_set=
ac_cv_env_build_alias_value=
ac_cv_env_host_alias_set=
ac_cv_env_host_alias_value=
ac_cv_env_target_alias_set=
ac_cv_env_target_alias_value=
ac_cv_header_dlfcn_h=yes
ac_cv_header_inttypes_h=yes
ac_cv_header_memory_h=yes
ac_cv_header_stdc=yes
ac_cv_header_stdint_h=yes
ac_cv_header_stdlib_h=yes
ac_cv_header_string_h=yes
ac_cv_header_strings_h=yes
ac_cv_header_sys_stat_h=yes
ac_cv_header_sys_types_h=yes
ac_cv_header_unistd_h=yes
ac_cv_host=x86_64-unknown-linux-gnu
ac_cv_objext=o
ac_cv_path_EGREP='/usr/bin/grep -E'
ac_cv_path_FGREP='/usr/bin/grep -F'
ac_cv_path_GMSGFMT=/usr/bin/msgfmt
ac_cv_path_GREP=/usr/bin/grep
ac_cv_path_INTLTOOL_EXTRACT=/usr/bin/intltool-extract
ac_cv_path_INTLTOOL_MERGE=/usr/bin/intltool-merge
ac_cv_path_INTLTOOL_PERL=/usr/bin/perl
ac_cv_path_INTLTOOL_UPDATE=/usr/bin/intltool-update
ac_cv_path_MSGFMT=/usr/bin/msgfmt
ac_cv_path_MSGMERGE=/usr/bin/msgmerge
ac_cv_path_SED=/usr/bin/sed
ac_cv_path_XGETTEXT=/usr/bin/xgettext
ac_cv_path_XSLTPROC=/usr/bin/xsltproc
ac_cv_path_ac_pt_PKG_CONFIG=/usr/bin/pkg-config
ac_cv_path_install='/usr/bin/install -c'
ac_cv_path_mkdir=/usr/bin/mkdir
ac_cv_prog_AWK=gawk
ac_cv_prog_CPP='gcc -E'
ac_cv_prog_ac_ct_AR=ar
ac_cv_prog_ac_ct_CC=gcc
ac_cv_prog_ac_ct_OBJDUMP=objdump
ac_cv_prog_ac_ct_RANLIB=ranlib
ac_cv_prog_ac_ct_STRIP=strip
ac_cv_prog_cc_c89=
ac_cv_prog_cc_g=yes
ac_cv_prog_cc_gcc_c_o=yes
ac_cv_prog_make_make_set=yes
ac_cv_sys_file_offset_bits=no
ac_cv_sys_largefile_CC=no
acl_cv_hardcode_direct=no
acl_cv_hardcode_libdir_flag_spec='${wl}-rpath ${wl}$libdir'
acl_cv_hardcode_libdir_separator=
acl_cv_hardcode_minus_L=no
acl_cv_libext=a
acl_cv_libname_spec='lib$name'
acl_cv_library_names_spec='$libname$shrext'
acl_cv_path_LD='/usr/bin/ld -m elf_x86_64'
acl_cv_prog_gnu_ld=yes
acl_cv_rpath=done
acl_cv_shlibext=so
acl_cv_wl=-Wl,
am_cv_CC_dependencies_compiler_type=gcc3
am_cv_make_support_nested_variables=yes
am_cv_prog_tar_ustar=gnutar
ax_cv_check_cflags___fPIE=yes
ax_cv_check_ldflags___Wl__z_relro__z_now=yes
ax_cv_check_ldflags___fPIE__pie=yes
gt_cv_func_CFLocaleCopyCurrent=no
gt_cv_func_CFPreferencesCopyAppValue=no
gt_cv_func_gnugettext1_libc=yes
lt_cv_ar_at_file=@
lt_cv_archive_cmds_need_lc=no
lt_cv_deplibs_check_method=pass_all
lt_cv_file_magic_cmd='$MAGIC_CMD'
lt_cv_file_magic_test_file=
lt_cv_ld_reload_flag=-r
lt_cv_nm_interface='BSD nm'
lt_cv_objdir=.libs
lt_cv_path_LD=/usr/bin/ld
lt_cv_path_NM='/usr/bin/nm -B'
lt_cv_path_mainfest_tool=no
lt_cv_prog_compiler_c_o=yes
lt_cv_prog_compiler_pic='-fPIC -DPIC'
lt_cv_prog_compiler_pic_works=yes
lt_cv_prog_compiler_rtti_exceptions=no
lt_cv_prog_compiler_static_works=yes
lt_cv_prog_gnu_ld=yes
lt_cv_sharedlib_from_linklib_cmd='printf %s\n'
lt_cv_shlibpath_overrides_runpath=no
lt_cv_sys_global_symbol_pipe='sed -n -e '\''s/^.*[	 ]\([ABCDGIRSTW][ABCDGIRSTW]*\)[	 ][	 ]*\([_A-Za-z][_A-Za-z0-9]*\)$/\1 \2 \2/p'\'' | sed '\''/ __gnu_lto/d'\'''
lt_cv_sys_global_symbol_to_c_name_address='sed -n -e '\''s/^: \([^ ]*\)[ ]*$/  {\"\1\", (void *) 0},/p'\'' -e '\''s/^[ABCDGIRSTW]* \([^ ]*\) \([^ ]*\)$/  {"\2", (void *) \&\2},/p'\'''
lt_cv_sys_global_symbol_to_c_name_address_lib_prefix='sed -n -e '\''s/^: \([^ ]*\)[ ]*$/  {\"\1\", (void *) 0},/p'\'' -e '\''s/^[ABCDGIRSTW]* \([^ ]*\) \(lib[^ ]*\)$/  {"\2", (void *) \&\2},/p'\'' -e '\''s/^[ABCDGIRSTW]* \([^ ]*\) \([^ ]*\)$/  {"lib\2", (void *) \&\2},/p'\'''
lt_cv_sys_global_symbol_to_cdecl='sed -n -e '\''s/^T .* \(.*\)$/extern int \1();/p'\'' -e '\''s/^[ABCDGIRSTW]* .* \(.*\)$/extern char \1;/p'\'''
lt_cv_sys_max_cmd_len=1572864
lt_cv_to_host_file_cmd=func_convert_file_noop
lt_cv_to_tool_file_cmd=func_convert_file_noop
pkg_cv_DBUS_CFLAGS='-I/usr/include/dbus-1.0 -I/usr/lib/dbus-1.0/include '
pkg_cv_DBUS_GLIB_CFLAGS='-I/usr/include/dbus-1.0 -I/usr/lib/dbus-1.0/include -I/usr/include/glib-2.0 -I/usr/lib/glib-2.0/include '
pkg_cv_DBUS_GLIB_LIBS='-ldbus-glib-1 -ldbus-1 -lgobject-2.0 -lglib-2.0 '
pkg_cv_DBUS_LIBS='-ldbus-1 '
pkg_cv_GIO_CFLAGS='-pthread -I/usr/include/glib-2.0 -I/usr/lib/glib-2.0/include '
pkg_cv_GIO_LIBS='-lgio-2.0 -lgobject-2.0 -lglib-2.0 '
pkg_cv_GIO_UNIX_CFLAGS='-pthread -I/usr/include/gio-unix-2.0/ -I/usr/include/glib-2.0 -I/usr/lib/glib-2.0/include '
pkg_cv_GIO_UNIX_LIBS='-lgio-2.0 -lgobject-2.0 -lglib-2.0 '
pkg_cv_GLIB_CFLAGS='-I/usr/include/glib-2.0 -I/usr/lib/glib-2.0/include '
pkg_cv_GLIB_LIBS='-lglib-2.0 '
pkg_cv_GUDEV_CFLAGS='-I/usr/include/gudev-1.0 -I/usr/include/glib-2.0 -I/usr/lib/glib-2.0/include '
pkg_cv_GUDEV_LIBS='-lgudev-1.0 -lgobject-2.0 -lglib-2.0 '
pkg_cv_IDEVICE_CFLAGS='-I/usr/include/libxml2 '
pkg_cv_IDEVICE_LIBS='-limobiledevice -lusbmuxd -lssl -lcrypto -lplist '
pkg_cv_POLKIT_CFLAGS='-pthread -I/usr/include/polkit-1 -I/usr/include/glib-2.0 -I/usr/lib/glib-2.0/include '
pkg_cv_POLKIT_LIBS='-lpolkit-gobject-1 -lgio-2.0 -lgobject-2.0 -lglib-2.0 '
pkg_cv_USB_CFLAGS='-I/usr/include/libusb-1.0 '
pkg_cv_USB_LIBS='-lusb-1.0 '

## ----------------- ##
## Output variables. ##
## ----------------- ##

ACLOCAL='${SHELL} /home/artux/Projekte/pkgbuilds/upower-nosystemd/src/upower-0.99.0/build-aux/missing aclocal-1.13'
ALL_LINGUAS=''
AMDEPBACKSLASH='\'
AMDEP_FALSE='#'
AMDEP_TRUE=''
AMTAR='$${TAR-tar}'
AM_BACKSLASH='\'
AM_DEFAULT_V='$(AM_DEFAULT_VERBOSITY)'
AM_DEFAULT_VERBOSITY='0'
AM_V='$(V)'
AR='ar'
AUTOCONF='${SHELL} /home/artux/Projekte/pkgbuilds/upower-nosystemd/src/upower-0.99.0/build-aux/missing autoconf'
AUTOHEADER='${SHELL} /home/artux/Projekte/pkgbuilds/upower-nosystemd/src/upower-0.99.0/build-aux/missing autoheader'
AUTOMAKE='${SHELL} /home/artux/Projekte/pkgbuilds/upower-nosystemd/src/upower-0.99.0/build-aux/missing automake-1.13'
AWK='gawk'
BACKEND='linux'
BACKEND_TYPE_DUMMY_FALSE=''
BACKEND_TYPE_DUMMY_TRUE='#'
BACKEND_TYPE_FREEBSD_FALSE=''
BACKEND_TYPE_FREEBSD_TRUE='#'
BACKEND_TYPE_LINUX_FALSE='#'
BACKEND_TYPE_LINUX_TRUE=''
BACKEND_TYPE_OPENBSD_FALSE=''
BACKEND_TYPE_OPENBSD_TRUE='#'
CC='gcc'
CCDEPMODE='depmode=gcc3'
CFLAGS='-march=x86-64 -mtune=generic -O2 -pipe -fstack-protector-strong --param=ssp-buffer-size=4'
CPP='gcc -E'
CPPFLAGS='-D_FORTIFY_SOURCE=2 -DG_DISABLE_SINGLE_INCLUDES -DGTK_DISABLE_SINGLE_INCLUDES -DG_DISABLE_DEPRECATED -DGTK_DISABLE_DEPRECATED -DGDK_DISABLE_DEPRECATED -DGDK_MULTIHEAD_SAFE -DGTK_MULTIHEAD_SAFE -DGSEAL_ENABLE'
CYGPATH_W='echo'
DATADIRNAME='share'
DBUS_CFLAGS='-I/usr/include/dbus-1.0 -I/usr/lib/dbus-1.0/include '
DBUS_GLIB_CFLAGS='-I/usr/include/dbus-1.0 -I/usr/lib/dbus-1.0/include -I/usr/include/glib-2.0 -I/usr/lib/glib-2.0/include '
DBUS_GLIB_LIBS='-ldbus-glib-1 -ldbus-1 -lgobject-2.0 -lglib-2.0 '
DBUS_LIBS='-ldbus-1 '
DEFS='-DHAVE_CONFIG_H'
DEPDIR='.deps'
DLLTOOL='false'
DSYMUTIL=''
DUMPBIN=''
ECHO_C=''
ECHO_N='-n'
ECHO_T=''
EGREP='/usr/bin/grep -E'
ENABLE_DEPRECATED_FALSE='#'
ENABLE_DEPRECATED_TRUE=''
ENABLE_GTK_DOC_FALSE=''
ENABLE_GTK_DOC_TRUE='#'
EXEEXT=''
FGREP='/usr/bin/grep -F'
GETTEXT_MACRO_VERSION='0.17'
GETTEXT_PACKAGE='upower'
GIO_CFLAGS='-pthread -I/usr/include/glib-2.0 -I/usr/lib/glib-2.0/include '
GIO_LIBS='-lgio-2.0 -lgobject-2.0 -lglib-2.0 '
GIO_UNIX_CFLAGS='-pthread -I/usr/include/gio-unix-2.0/ -I/usr/include/glib-2.0 -I/usr/lib/glib-2.0/include '
GIO_UNIX_LIBS='-lgio-2.0 -lgobject-2.0 -lglib-2.0 '
GLIB_CFLAGS='-I/usr/include/glib-2.0 -I/usr/lib/glib-2.0/include '
GLIB_LIBS='-lglib-2.0 '
GMSGFMT='/usr/bin/msgfmt'
GMSGFMT_015='/usr/bin/msgfmt'
GREP='/usr/bin/grep'
GTKDOC_CHECK=''
GTKDOC_DEPS_CFLAGS=''
GTKDOC_DEPS_LIBS=''
GTKDOC_MKPDF=''
GTKDOC_REBASE='true'
GTK_DOC_BUILD_HTML_FALSE='#'
GTK_DOC_BUILD_HTML_TRUE=''
GTK_DOC_BUILD_PDF_FALSE=''
GTK_DOC_BUILD_PDF_TRUE='#'
GTK_DOC_USE_LIBTOOL_FALSE='#'
GTK_DOC_USE_LIBTOOL_TRUE=''
GTK_DOC_USE_REBASE_FALSE='#'
GTK_DOC_USE_REBASE_TRUE=''
GUDEV_CFLAGS='-I/usr/include/gudev-1.0 -I/usr/include/glib-2.0 -I/usr/lib/glib-2.0/include '
GUDEV_LIBS='-lgudev-1.0 -lgobject-2.0 -lglib-2.0 '
HAVE_IDEVICE_FALSE='#'
HAVE_IDEVICE_TRUE=''
HAVE_INTROSPECTION_FALSE='#'
HAVE_INTROSPECTION_TRUE=''
HAVE_SYSTEMDSYSTEMUNITDIR_FALSE=''
HAVE_SYSTEMDSYSTEMUNITDIR_TRUE='#'
HAVE_SYSTEMDUTILDIR_FALSE=''
HAVE_SYSTEMDUTILDIR_TRUE='#'
HTML_DIR='${datadir}/gtk-doc/html'
IDEVICE_CFLAGS='-I/usr/include/libxml2 '
IDEVICE_LIBS='-limobiledevice -lusbmuxd -lssl -lcrypto -lplist '
INSTALL_DATA='${INSTALL} -m 644'
INSTALL_PROGRAM='${INSTALL}'
INSTALL_SCRIPT='${INSTALL}'
INSTALL_STRIP_PROGRAM='$(install_sh) -c -s'
INTLLIBS=''
INTLTOOL_CAVES_RULE='%.caves:     %.caves.in     $(INTLTOOL_MERGE) $(wildcard $(top_srcdir)/po/*.po) ; $(INTLTOOL_V_MERGE)LC_ALL=C $(INTLTOOL_MERGE) $(INTLTOOL_V_MERGE_OPTIONS) -d -u -c $(top_builddir)/po/.intltool-merge-cache $(top_srcdir)/po $< $@'
INTLTOOL_DESKTOP_RULE='%.desktop:   %.desktop.in   $(INTLTOOL_MERGE) $(wildcard $(top_srcdir)/po/*.po) ; $(INTLTOOL_V_MERGE)LC_ALL=C $(INTLTOOL_MERGE) $(INTLTOOL_V_MERGE_OPTIONS) -d -u -c $(top_builddir)/po/.intltool-merge-cache $(top_srcdir)/po $< $@'
INTLTOOL_DIRECTORY_RULE='%.directory: %.directory.in $(INTLTOOL_MERGE) $(wildcard $(top_srcdir)/po/*.po) ; $(INTLTOOL_V_MERGE)LC_ALL=C $(INTLTOOL_MERGE) $(INTLTOOL_V_MERGE_OPTIONS) -d -u -c $(top_builddir)/po/.intltool-merge-cache $(top_srcdir)/po $< $@'
INTLTOOL_EXTRACT='/usr/bin/intltool-extract'
INTLTOOL_KBD_RULE='%.kbd:       %.kbd.in       $(INTLTOOL_MERGE) $(wildcard $(top_srcdir)/po/*.po) ; $(INTLTOOL_V_MERGE)LC_ALL=C $(INTLTOOL_MERGE) $(INTLTOOL_V_MERGE_OPTIONS) -x -u -m -c $(top_builddir)/po/.intltool-merge-cache $(top_srcdir)/po $< $@'
INTLTOOL_KEYS_RULE='%.keys:      %.keys.in      $(INTLTOOL_MERGE) $(wildcard $(top_srcdir)/po/*.po) ; $(INTLTOOL_V_MERGE)LC_ALL=C $(INTLTOOL_MERGE) $(INTLTOOL_V_MERGE_OPTIONS) -k -u -c $(top_builddir)/po/.intltool-merge-cache $(top_srcdir)/po $< $@'
INTLTOOL_MERGE='/usr/bin/intltool-merge'
INTLTOOL_OAF_RULE='%.oaf:       %.oaf.in       $(INTLTOOL_MERGE) $(wildcard $(top_srcdir)/po/*.po) ; $(INTLTOOL_V_MERGE)LC_ALL=C $(INTLTOOL_MERGE) $(INTLTOOL_V_MERGE_OPTIONS) -o -p $(top_srcdir)/po $< $@'
INTLTOOL_PERL='/usr/bin/perl'
INTLTOOL_POLICY_RULE='%.policy:    %.policy.in    $(INTLTOOL_MERGE) $(wildcard $(top_srcdir)/po/*.po) ; $(INTLTOOL_V_MERGE)LC_ALL=C $(INTLTOOL_MERGE) $(INTLTOOL_V_MERGE_OPTIONS) -x -u -c $(top_builddir)/po/.intltool-merge-cache $(top_srcdir)/po $< $@'
INTLTOOL_PONG_RULE='%.pong:      %.pong.in      $(INTLTOOL_MERGE) $(wildcard $(top_srcdir)/po/*.po) ; $(INTLTOOL_V_MERGE)LC_ALL=C $(INTLTOOL_MERGE) $(INTLTOOL_V_MERGE_OPTIONS) -x -u -c $(top_builddir)/po/.intltool-merge-cache $(top_srcdir)/po $< $@'
INTLTOOL_PROP_RULE='%.prop:      %.prop.in      $(INTLTOOL_MERGE) $(wildcard $(top_srcdir)/po/*.po) ; $(INTLTOOL_V_MERGE)LC_ALL=C $(INTLTOOL_MERGE) $(INTLTOOL_V_MERGE_OPTIONS) -d -u -c $(top_builddir)/po/.intltool-merge-cache $(top_srcdir)/po $< $@'
INTLTOOL_SCHEMAS_RULE='%.schemas:   %.schemas.in   $(INTLTOOL_MERGE) $(wildcard $(top_srcdir)/po/*.po) ; $(INTLTOOL_V_MERGE)LC_ALL=C $(INTLTOOL_MERGE) $(INTLTOOL_V_MERGE_OPTIONS) -s -u -c $(top_builddir)/po/.intltool-merge-cache $(top_srcdir)/po $< $@'
INTLTOOL_SERVER_RULE='%.server:    %.server.in    $(INTLTOOL_MERGE) $(wildcard $(top_srcdir)/po/*.po) ; $(INTLTOOL_V_MERGE)LC_ALL=C $(INTLTOOL_MERGE) $(INTLTOOL_V_MERGE_OPTIONS) -o -u -c $(top_builddir)/po/.intltool-merge-cache $(top_srcdir)/po $< $@'
INTLTOOL_SERVICE_RULE='%.service: %.service.in   $(INTLTOOL_MERGE) $(wildcard $(top_srcdir)/po/*.po) ; $(INTLTOOL_V_MERGE)LC_ALL=C $(INTLTOOL_MERGE) $(INTLTOOL_V_MERGE_OPTIONS) -d -u -c $(top_builddir)/po/.intltool-merge-cache $(top_srcdir)/po $< $@'
INTLTOOL_SHEET_RULE='%.sheet:     %.sheet.in     $(INTLTOOL_MERGE) $(wildcard $(top_srcdir)/po/*.po) ; $(INTLTOOL_V_MERGE)LC_ALL=C $(INTLTOOL_MERGE) $(INTLTOOL_V_MERGE_OPTIONS) -x -u -c $(top_builddir)/po/.intltool-merge-cache $(top_srcdir)/po $< $@'
INTLTOOL_SOUNDLIST_RULE='%.soundlist: %.soundlist.in $(INTLTOOL_MERGE) $(wildcard $(top_srcdir)/po/*.po) ; $(INTLTOOL_V_MERGE)LC_ALL=C $(INTLTOOL_MERGE) $(INTLTOOL_V_MERGE_OPTIONS) -d -u -c $(top_builddir)/po/.intltool-merge-cache $(top_srcdir)/po $< $@'
INTLTOOL_THEME_RULE='%.theme:     %.theme.in     $(INTLTOOL_MERGE) $(wildcard $(top_srcdir)/po/*.po) ; $(INTLTOOL_V_MERGE)LC_ALL=C $(INTLTOOL_MERGE) $(INTLTOOL_V_MERGE_OPTIONS) -d -u -c $(top_builddir)/po/.intltool-merge-cache $(top_srcdir)/po $< $@'
INTLTOOL_UI_RULE='%.ui:        %.ui.in        $(INTLTOOL_MERGE) $(wildcard $(top_srcdir)/po/*.po) ; $(INTLTOOL_V_MERGE)LC_ALL=C $(INTLTOOL_MERGE) $(INTLTOOL_V_MERGE_OPTIONS) -x -u -c $(top_builddir)/po/.intltool-merge-cache $(top_srcdir)/po $< $@'
INTLTOOL_UPDATE='/usr/bin/intltool-update'
INTLTOOL_V_MERGE='$(INTLTOOL__v_MERGE_$(V))'
INTLTOOL_V_MERGE_OPTIONS='$(intltool__v_merge_options_$(V))'
INTLTOOL_XAM_RULE='%.xam:       %.xml.in       $(INTLTOOL_MERGE) $(wildcard $(top_srcdir)/po/*.po) ; $(INTLTOOL_V_MERGE)LC_ALL=C $(INTLTOOL_MERGE) $(INTLTOOL_V_MERGE_OPTIONS) -x -u -c $(top_builddir)/po/.intltool-merge-cache $(top_srcdir)/po $< $@'
INTLTOOL_XML_NOMERGE_RULE='%.xml:       %.xml.in       $(INTLTOOL_MERGE) ; $(INTLTOOL_V_MERGE)LC_ALL=C $(INTLTOOL_MERGE) $(INTLTOOL_V_MERGE_OPTIONS) -x -u --no-translations $< $@'
INTLTOOL_XML_RULE='%.xml:       %.xml.in       $(INTLTOOL_MERGE) $(wildcard $(top_srcdir)/po/*.po) ; $(INTLTOOL_V_MERGE)LC_ALL=C $(INTLTOOL_MERGE) $(INTLTOOL_V_MERGE_OPTIONS) -x -u -c $(top_builddir)/po/.intltool-merge-cache $(top_srcdir)/po $< $@'
INTLTOOL__v_MERGE_0='@echo "  ITMRG " $@;'
INTLTOOL__v_MERGE_='$(INTLTOOL__v_MERGE_$(AM_DEFAULT_VERBOSITY))'
INTL_MACOSX_LIBS=''
INTROSPECTION_CFLAGS='-pthread -I/usr/include/gobject-introspection-1.0 -I/usr/lib/libffi-3.0.13/include -I/usr/include/glib-2.0 -I/usr/lib/glib-2.0/include '
INTROSPECTION_COMPILER='/usr/bin/g-ir-compiler'
INTROSPECTION_GENERATE='/usr/bin/g-ir-generate'
INTROSPECTION_GIRDIR='/usr/share/gir-1.0'
INTROSPECTION_LIBS='-lgirepository-1.0 -lgobject-2.0 -lglib-2.0 '
INTROSPECTION_MAKEFILE='/usr/share/gobject-introspection-1.0/Makefile.introspection'
INTROSPECTION_SCANNER='/usr/bin/g-ir-scanner'
INTROSPECTION_TYPELIBDIR='/usr/lib/girepository-1.0'
LD='/usr/bin/ld -m elf_x86_64'
LDFLAGS='-Wl,--as-needed -Wl,-O1,--sort-common,--as-needed,-z,relro'
LIBICONV='-liconv'
LIBINTL=''
LIBOBJS=''
LIBS=''
LIBTOOL='$(SHELL) $(top_builddir)/libtool'
LIPO=''
LN_S='ln -s'
LTLIBICONV='-liconv'
LTLIBINTL=''
LTLIBOBJS=''
LT_AGE='0'
LT_CURRENT='2'
LT_REVISION='0'
MAINT=''
MAINTAINER_MODE_FALSE='#'
MAINTAINER_MODE_TRUE=''
MAKEINFO='${SHELL} /home/artux/Projekte/pkgbuilds/upower-nosystemd/src/upower-0.99.0/build-aux/missing makeinfo'
MANIFEST_TOOL=':'
MAN_PAGES_ENABLED_FALSE='#'
MAN_PAGES_ENABLED_TRUE=''
MKDIR_P='/usr/bin/mkdir -p'
MSGFMT='/usr/bin/msgfmt'
MSGFMT_015='/usr/bin/msgfmt'
MSGMERGE='/usr/bin/msgmerge'
NM='/usr/bin/nm -B'
NMEDIT=''
OBJDUMP='objdump'
OBJEXT='o'
OTOOL64=''
OTOOL=''
PACKAGE='upower'
PACKAGE_BUGREPORT='https://bugs.freedesktop.org/enter_bug.cgi?product=upower'
PACKAGE_NAME='upower'
PACKAGE_STRING='upower 0.99.0'
PACKAGE_TARNAME='upower'
PACKAGE_URL='http://upower.freedesktop.org/'
PACKAGE_VERSION='0.99.0'
PATH_SEPARATOR=':'
PIE_CFLAGS='-fPIE'
PIE_LDFLAGS='-pie'
PKG_CONFIG='/usr/bin/pkg-config'
PKG_CONFIG_LIBDIR=''
PKG_CONFIG_PATH=''
POLKIT_CFLAGS='-pthread -I/usr/include/polkit-1 -I/usr/include/glib-2.0 -I/usr/lib/glib-2.0/include '
POLKIT_LIBS='-lpolkit-gobject-1 -lgio-2.0 -lgobject-2.0 -lglib-2.0 '
POSUB='po'
RANLIB='ranlib'
RELRO_LDFLAGS='-Wl,-z,relro,-z,now'
SED='/usr/bin/sed'
SET_MAKE=''
SHELL='/bin/sh'
STRIP='strip'
UP_BUILD_TESTS_FALSE='#'
UP_BUILD_TESTS_TRUE=''
UP_MAJOR_VERSION='0'
UP_MICRO_VERSION='0'
UP_MINOR_VERSION='99'
USB_CFLAGS='-I/usr/include/libusb-1.0 '
USB_LIBS='-lusb-1.0 '
USE_NLS='yes'
VERSION='0.99.0'
WARNINGFLAGS_C=' -Wall -Wcast-align -Wno-uninitialized -Wmissing-declarations -Wpointer-arith -Wcast-align -Wwrite-strings -Winit-self -Wreturn-type -Wformat-nonliteral -Wformat-security -Wmissing-format-attribute -Wsign-compare -O -Wuninitialized -Waggregate-return -Wdeclaration-after-statement -Wno-strict-aliasing'
XGETTEXT='/usr/bin/xgettext'
XGETTEXT_015='/usr/bin/xgettext'
XGETTEXT_EXTRA_OPTIONS=''
XSLTPROC='/usr/bin/xsltproc'
ac_ct_AR='ar'
ac_ct_CC='gcc'
ac_ct_DUMPBIN=''
am__EXEEXT_FALSE=''
am__EXEEXT_TRUE='#'
am__fastdepCC_FALSE='#'
am__fastdepCC_TRUE=''
am__include='include'
am__isrc=''
am__leading_dot='.'
am__nodep='_no'
am__quote=''
am__tar='tar --format=ustar -chf - "$$tardir"'
am__untar='tar -xf -'
bindir='${exec_prefix}/bin'
build='x86_64-unknown-linux-gnu'
build_alias=''
build_cpu='x86_64'
build_os='linux-gnu'
build_vendor='unknown'
datadir='${datarootdir}'
datarootdir='${prefix}/share'
docdir='${datarootdir}/doc/${PACKAGE_TARNAME}'
dvidir='${docdir}'
exec_prefix='${prefix}'
historydir='/var/lib/upower'
host='x86_64-unknown-linux-gnu'
host_alias=''
host_cpu='x86_64'
host_os='linux-gnu'
host_vendor='unknown'
htmldir='${docdir}'
includedir='${prefix}/include'
infodir='${datarootdir}/info'
install_sh='${SHELL} /home/artux/Projekte/pkgbuilds/upower-nosystemd/src/upower-0.99.0/build-aux/install-sh'
intltool__v_merge_options_0='-q'
intltool__v_merge_options_='$(intltool__v_merge_options_$(AM_DEFAULT_VERBOSITY))'
libdir='${exec_prefix}/lib'
libexecdir='/usr/lib/upower'
localedir='${datarootdir}/locale'
localstatedir='/var'
mandir='${datarootdir}/man'
mkdir_p='/usr/bin/mkdir -p'
oldincludedir='/usr/include'
pdfdir='${docdir}'
prefix='/usr'
program_transform_name='s,x,x,'
psdir='${docdir}'
sbindir='${exec_prefix}/sbin'
sharedstatedir='${prefix}/com'
sysconfdir='/etc'
systemdsystemunitdir=''
systemdutildir=''
target_alias=''
udevrulesdir='/usr/lib/udev/rules.d'

## ----------- ##
## confdefs.h. ##
## ----------- ##

/* confdefs.h */
#define PACKAGE_NAME "upower"
#define PACKAGE_TARNAME "upower"
#define PACKAGE_VERSION "0.99.0"
#define PACKAGE_STRING "upower 0.99.0"
#define PACKAGE_BUGREPORT "https://bugs.freedesktop.org/enter_bug.cgi?product=upower"
#define PACKAGE_URL "http://upower.freedesktop.org/"
#define PACKAGE "upower"
#define VERSION "0.99.0"
#define STDC_HEADERS 1
#define HAVE_SYS_TYPES_H 1
#define HAVE_SYS_STAT_H 1
#define HAVE_STDLIB_H 1
#define HAVE_STRING_H 1
#define HAVE_MEMORY_H 1
#define HAVE_STRINGS_H 1
#define HAVE_INTTYPES_H 1
#define HAVE_STDINT_H 1
#define HAVE_UNISTD_H 1
#define HAVE_DLFCN_H 1
#define LT_OBJDIR ".libs/"
#define ENABLE_DEPRECATED 1
#define BACKEND "linux"
#define HAVE_IDEVICE 1
#define ENABLE_NLS 1
#define HAVE_GETTEXT 1
#define HAVE_DCGETTEXT 1
#define GETTEXT_PACKAGE PACKAGE_TARNAME

configure: exit 0
